#
# There is insufficient memory for the Java Runtime Environment to continue.
# Native memory allocation (mmap) failed to map 104857600 bytes. Error detail: G1 virtual space
# Possible reasons:
#   The system is out of physical RAM or swap space
#   This process is running with CompressedOops enabled, and the Java Heap may be blocking the growth of the native heap
# Possible solutions:
#   Reduce memory load on the system
#   Increase physical memory or swap space
#   Check if swap backing store is full
#   Decrease Java heap size (-Xmx/-Xms)
#   Decrease number of Java threads
#   Decrease Java thread stack sizes (-Xss)
#   Set larger code cache with -XX:ReservedCodeCacheSize=
#   JVM is running with Unscaled Compressed Oops mode in which the Java heap is
#     placed in the first 4GB address space. The Java Heap base address is the
#     maximum limit for the native heap growth. Please use -XX:HeapBaseMinAddress
#     to set the Java Heap base and to place the Java Heap above 4GB virtual address.
# This output file may be truncated or incomplete.
#
#  Out of Memory Error (os_windows.cpp:3583), pid=8580, tid=10100
#
# JRE version: OpenJDK Runtime Environment Temurin-26.0.1+8 (26.0.1+8) (build 26.0.1+8)
# Java VM: OpenJDK 64-Bit Server VM Temurin-26.0.1+8 (26.0.1+8, mixed mode, sharing, tiered, compressed oops, compressed class ptrs, g1 gc, windows-amd64)
# No core dump will be written. Minidumps are not enabled by default on client versions of Windows
#

---------------  S U M M A R Y ------------

Command Line: tuti.desi.TpIntegradorProbaReiniciandoApplication

Host: Intel(R) Core(TM) i3-4160 CPU @ 3.60GHz, 4 cores, 5G,  Windows 10 , 64 bit Build 19041 (10.0.19041.5915)
Time: Sat Jun 27 20:00:18 2026 Hora est嫕dar de Argentina elapsed time: 31.524112 seconds (0d 0h 0m 31s)

---------------  T H R E A D  ---------------

Current thread (0x000001868c8da5c0):  VMThread "VM Thread"          [id=10100, stack(0x000000090b700000,0x000000090b800000) (1024K)]

Stack: [0x000000090b700000,0x000000090b800000]
Native frames: (J=compiled Java code, j=interpreted, Vv=VM code, C=native code)
V  [jvm.dll+0x7db749]  (no source info available)
V  [jvm.dll+0x7a82bd]  (no source info available)
V  [jvm.dll+0xa44a60]  (no source info available)
V  [jvm.dll+0xa46eb1]  (no source info available)
V  [jvm.dll+0xa475c3]  (no source info available)
V  [jvm.dll+0x311a96]  (no source info available)
V  [jvm.dll+0x7dac15]  (no source info available)
V  [jvm.dll+0x7cde17]  (no source info available)
V  [jvm.dll+0x40c368]  (no source info available)
V  [jvm.dll+0x4146e6]  (no source info available)
V  [jvm.dll+0x400a94]  (no source info available)
V  [jvm.dll+0x400d85]  (no source info available)
V  [jvm.dll+0x3d7bef]  (no source info available)
V  [jvm.dll+0x3dae2c]  (no source info available)
V  [jvm.dll+0x42606c]  (no source info available)
V  [jvm.dll+0x4249a0]  (no source info available)
V  [jvm.dll+0x3d7368]  (no source info available)
V  [jvm.dll+0x423d63]  (no source info available)
V  [jvm.dll+0xa4da52]  (no source info available)
V  [jvm.dll+0xa4ea1b]  (no source info available)
V  [jvm.dll+0xa4ef26]  (no source info available)
V  [jvm.dll+0xa4f3a8]  (no source info available)
V  [jvm.dll+0xa4f643]  (no source info available)
V  [jvm.dll+0x9e3039]  (no source info available)
V  [jvm.dll+0x7dd228]  (no source info available)
C  [ucrtbase.dll+0x21bb2]  (no source info available)
C  [KERNEL32.DLL+0x17374]  (no source info available)
C  [ntdll.dll+0x4cc91]  (no source info available)

VM_Operation (0x000000090affb8b8): G1CollectForAllocation, mode: safepoint, requested by thread 0x000001868a5bb6a0


---------------  P R O C E S S  ---------------

Threads class SMR info:
_java_thread_list=0x00000186afc33ee0, length=17, elements={
0x000001868a5bb6a0, 0x000001868c8e8860, 0x000001868c8e96b0, 0x000001868c8f3c40,
0x000001868c8f4c00, 0x000001868c8f5dc0, 0x000001868c8edf20, 0x000001868c8fdf50,
0x000001868c8fe750, 0x000001868c8efe60, 0x000001868c8eb810, 0x00000186ade847f0,
0x00000186ade87ea0, 0x00000186ade876d0, 0x00000186b053c1f0, 0x00000186b0535c60,
0x00000186ad93b8e0
}

Java Threads: ( => current thread )
  0x000001868a5bb6a0 JavaThread "main"                              [_thread_blocked, id=5788, stack(0x000000090af00000,0x000000090b000000) (1024K)]
  0x000001868c8e8860 JavaThread "Reference Handler"          daemon [_thread_blocked, id=7696, stack(0x000000090b800000,0x000000090b900000) (1024K)]
  0x000001868c8e96b0 JavaThread "Finalizer"                  daemon [_thread_blocked, id=12756, stack(0x000000090b900000,0x000000090ba00000) (1024K)]
  0x000001868c8f3c40 JavaThread "Signal Dispatcher"          daemon [_thread_blocked, id=14784, stack(0x000000090ba00000,0x000000090bb00000) (1024K)]
  0x000001868c8f4c00 JavaThread "Attach Listener"            daemon [_thread_blocked, id=3848, stack(0x000000090bb00000,0x000000090bc00000) (1024K)]
  0x000001868c8f5dc0 JavaThread "Service Thread"             daemon [_thread_blocked, id=13620, stack(0x000000090bc00000,0x000000090bd00000) (1024K)]
  0x000001868c8edf20 JavaThread "Monitor Deflation Thread"   daemon [_thread_blocked, id=1380, stack(0x000000090bd00000,0x000000090be00000) (1024K)]
  0x000001868c8fdf50 JavaThread "C2 CompilerThread0"         daemon [_thread_blocked, id=2948, stack(0x000000090be00000,0x000000090bf00000) (1024K)]
  0x000001868c8fe750 JavaThread "C1 CompilerThread0"         daemon [_thread_blocked, id=4700, stack(0x000000090bf00000,0x000000090c000000) (1024K)]
  0x000001868c8efe60 JavaThread "Notification Thread"        daemon [_thread_blocked, id=13088, stack(0x000000090c000000,0x000000090c100000) (1024K)]
  0x000001868c8eb810 JavaThread "Common-Cleaner"             daemon [_thread_blocked, id=8560, stack(0x000000090c100000,0x000000090c200000) (1024K)]
  0x00000186ade847f0 JavaThread "Catalina-utility-1"                [_thread_blocked, id=12276, stack(0x000000090c600000,0x000000090c700000) (1024K)]
  0x00000186ade87ea0 JavaThread "Catalina-utility-2"                [_thread_blocked, id=12380, stack(0x000000090c700000,0x000000090c800000) (1024K)]
  0x00000186ade876d0 JavaThread "container-0"                       [_thread_blocked, id=7596, stack(0x000000090c800000,0x000000090c900000) (1024K)]
  0x00000186b053c1f0 JavaThread "mysql-cj-abandoned-connection-cleanup" daemon [_thread_blocked, id=12536, stack(0x000000090c900000,0x000000090ca00000) (1024K)]
  0x00000186b0535c60 JavaThread "HikariPool-1:housekeeper"   daemon [_thread_blocked, id=14804, stack(0x000000090ca00000,0x000000090cb00000) (1024K)]
  0x00000186ad93b8e0 JavaThread "C2 CompilerThread1"         daemon [_thread_blocked, id=13320, stack(0x000000090cb00000,0x000000090cc00000) (1024K)]
Total: 17

Other Threads:
=>0x000001868c8da5c0 VMThread "VM Thread"                           [id=10100, stack(0x000000090b700000,0x000000090b800000) (1024K)]
  0x000001868c8ca810 WatcherThread "VM Periodic Task Thread"        [id=11636, stack(0x000000090b600000,0x000000090b700000) (1024K)]
  0x000001868c878400 WorkerThread "GC Thread#0"                     [id=5436, stack(0x000000090b000000,0x000000090b100000) (1024K)]
  0x00000186ad2efdd0 WorkerThread "GC Thread#1"                     [id=8968, stack(0x000000090c200000,0x000000090c300000) (1024K)]
  0x00000186addf67e0 WorkerThread "GC Thread#2"                     [id=9348, stack(0x000000090c300000,0x000000090c400000) (1024K)]
  0x00000186adcf9c10 WorkerThread "GC Thread#3"                     [id=9292, stack(0x000000090c400000,0x000000090c500000) (1024K)]
  0x000001868c88b040 ConcurrentGCThread "G1 Main Marker"            [id=8528, stack(0x000000090b100000,0x000000090b200000) (1024K)]
  0x000001868c88bbc0 WorkerThread "G1 Conc#0"                       [id=8000, stack(0x000000090b200000,0x000000090b300000) (1024K)]
  0x000001868c8b09a0 WorkerThread "G1 Refinement Workers#0"         [id=9892, stack(0x000000090b400000,0x000000090b500000) (1024K)]
  0x000001868c8afde0 ConcurrentGCThread "G1 Refine Control"         [id=15120, stack(0x000000090b300000,0x000000090b400000) (1024K)]
  0x000001868c8b1510 ConcurrentGCThread "G1 Service"                [id=6924, stack(0x000000090b500000,0x000000090b600000) (1024K)]
Total: 11

Threads with active compile tasks:
C2 CompilerThread0  31807 6270       4       org.antlr.v4.runtime.misc.Array2DHashSet::getOrAddImpl (146 bytes)
C1 CompilerThread0  31807 6279       2       org.antlr.v4.runtime.atn.ParserATNSimulator::precedenceTransition (266 bytes)
C2 CompilerThread1  31807 6276       4       org.antlr.v4.runtime.atn.ParserATNSimulator::canDropLoopEntryEdgeInLeftRecursiveRule (328 bytes)
Total: 3

VM state: at safepoint (normal execution)

VM Mutex/Monitor currently owned by a thread:  ([mutex/lock_event])
[0x00007ffdcbe3fa88] Threads_lock - owner thread: 0x000001868c8da5c0
[0x00007ffdcbe3fd08] Heap_lock - owner thread: 0x000001868a5bb6a0

Heap address: 0x00000000a2000000, size: 1504 MB, Compressed Oops mode: 32-bit

CDS archive(s) mapped at: [0x0000000034000000-0x0000000034de0000-0x0000000034de0000), size 14548992, SharedBaseAddress: 0x0000000034000000, ArchiveRelocationMode: 1.
Compressed class space mapped at: 0x0000000035000000-0x0000000075000000, reserved size: 1073741824
UseCompressedClassPointers 1, UseCompactObjectHeaders 0
Narrow klass pointer bits 32, Max shift 3
Narrow klass base: 0x0000000034000000, Narrow klass shift: 0
Encoding Range: [0x0000000034000000 - 0x0000000134000000), (4294967296 bytes)
Klass Range:    [0x0000000034000000 - 0x0000000075000000), (1090519040 bytes)
Klass ID Range:  [8 - 1090519033) (1090519025)
Protection zone: [0x0000000034000000 - 0x0000000034010000), (65536 bytes)

GC Precious Log:
 CardTable entry size: 512
 Card Set container configuration: InlinePtr #cards 5 size 8 Array Of Cards #cards 10 size 36 Howl #buckets 4 coarsen threshold 1843 Howl Bitmap #cards 512 size 80 coarsen threshold 460 Card regions per heap region 1 cards per card region 2048
 CPUs: 4 total, 4 available
 Memory: 6013M
 Large Page Support: Disabled
 NUMA Support: Disabled
 Compressed Oops: Enabled (32-bit)
 Heap Region Size: 1M
 Heap Min Capacity: 8M
 Heap Initial Capacity: 8M
 Heap Max Capacity: 1504M
 Pre-touch: Disabled
 Parallel Workers: 4
 Concurrent Workers: 1
 Concurrent Refinement Workers: 4
 Periodic GC: Disabled

Heap:
 garbage-first heap   total reserved 1540096K, committed 51200K, used 39803K [0x00000000a2000000, 0x0000000100000000)
  region size 1M, 0 eden (0M), 2 survivor (2M), 35 old (35M), 2 humongous (2M), 11 free (11M)

Heap Regions: E=young(eden), S=young(survivor), O=old, HS=humongous(starts), HC=humongous(continues), CS=collection set, F=free, TAMS=top-at-mark-start, PB=parsable bottom
|    0|0x00000000a2000000, 0x00000000a2100000, 0x00000000a2100000|100%|HS|  |TAMS 0x00000000a2000000| PB 0x00000000a2000000| Complete  |  0
|    1|0x00000000a2100000, 0x00000000a2200000, 0x00000000a2200000|100%| O|  |TAMS 0x00000000a2100000| PB 0x00000000a2100000| Untracked |  0
|    2|0x00000000a2200000, 0x00000000a2300000, 0x00000000a2300000|100%| O|  |TAMS 0x00000000a2200000| PB 0x00000000a2200000| Untracked |  0
|    3|0x00000000a2300000, 0x00000000a2400000, 0x00000000a2400000|100%|HS|  |TAMS 0x00000000a2300000| PB 0x00000000a2300000| Complete  |  0
|    4|0x00000000a2400000, 0x00000000a2500000, 0x00000000a2500000|100%| O|  |TAMS 0x00000000a2400000| PB 0x00000000a2400000| Untracked |  0
|    5|0x00000000a2500000, 0x00000000a2600000, 0x00000000a2600000|100%| O|  |TAMS 0x00000000a2500000| PB 0x00000000a2500000| Untracked |  0
|    6|0x00000000a2600000, 0x00000000a2700000, 0x00000000a2700000|100%| O|  |TAMS 0x00000000a2600000| PB 0x00000000a2600000| Untracked |  0
|    7|0x00000000a2700000, 0x00000000a2800000, 0x00000000a2800000|100%| O|  |TAMS 0x00000000a2700000| PB 0x00000000a2700000| Untracked |  0
|    8|0x00000000a2800000, 0x00000000a2900000, 0x00000000a2900000|100%| O|  |TAMS 0x00000000a2800000| PB 0x00000000a2800000| Untracked |  0
|    9|0x00000000a2900000, 0x00000000a2a00000, 0x00000000a2a00000|100%| O|  |TAMS 0x00000000a2900000| PB 0x00000000a2900000| Untracked |  0
|   10|0x00000000a2a00000, 0x00000000a2b00000, 0x00000000a2b00000|100%| O|  |TAMS 0x00000000a2a00000| PB 0x00000000a2a00000| Untracked |  0
|   11|0x00000000a2b00000, 0x00000000a2c00000, 0x00000000a2c00000|100%| O|  |TAMS 0x00000000a2b00000| PB 0x00000000a2b00000| Untracked |  0
|   12|0x00000000a2c00000, 0x00000000a2d00000, 0x00000000a2d00000|100%| O|  |TAMS 0x00000000a2c00000| PB 0x00000000a2c00000| Untracked |  0
|   13|0x00000000a2d00000, 0x00000000a2e00000, 0x00000000a2e00000|100%| O|  |TAMS 0x00000000a2d00000| PB 0x00000000a2d00000| Untracked |  0
|   14|0x00000000a2e00000, 0x00000000a2f00000, 0x00000000a2f00000|100%| O|  |TAMS 0x00000000a2e00000| PB 0x00000000a2e00000| Untracked |  0
|   15|0x00000000a2f00000, 0x00000000a3000000, 0x00000000a3000000|100%| O|  |TAMS 0x00000000a2f00000| PB 0x00000000a2f00000| Untracked |  0
|   16|0x00000000a3000000, 0x00000000a3100000, 0x00000000a3100000|100%| O|  |TAMS 0x00000000a3000000| PB 0x00000000a3000000| Untracked |  0
|   17|0x00000000a3100000, 0x00000000a3200000, 0x00000000a3200000|100%| O|  |TAMS 0x00000000a3100000| PB 0x00000000a3100000| Untracked |  0
|   18|0x00000000a3200000, 0x00000000a3300000, 0x00000000a3300000|100%| O|  |TAMS 0x00000000a3200000| PB 0x00000000a3200000| Untracked |  0
|   19|0x00000000a3300000, 0x00000000a3400000, 0x00000000a3400000|100%| O|  |TAMS 0x00000000a3300000| PB 0x00000000a3300000| Untracked |  0
|   20|0x00000000a3400000, 0x00000000a3500000, 0x00000000a3500000|100%| O|  |TAMS 0x00000000a3400000| PB 0x00000000a3400000| Untracked |  0
|   21|0x00000000a3500000, 0x00000000a3600000, 0x00000000a3600000|100%| O|  |TAMS 0x00000000a3500000| PB 0x00000000a3500000| Untracked |  0
|   22|0x00000000a3600000, 0x00000000a3700000, 0x00000000a3700000|100%| O|  |TAMS 0x00000000a3600000| PB 0x00000000a3600000| Untracked |  0
|   23|0x00000000a3700000, 0x00000000a3800000, 0x00000000a3800000|100%| O|  |TAMS 0x00000000a3700000| PB 0x00000000a3700000| Untracked |  0
|   24|0x00000000a3800000, 0x00000000a3900000, 0x00000000a3900000|100%| O|  |TAMS 0x00000000a3800000| PB 0x00000000a3800000| Untracked |  0
|   25|0x00000000a3900000, 0x00000000a3a00000, 0x00000000a3a00000|100%| O|  |TAMS 0x00000000a3900000| PB 0x00000000a3900000| Untracked |  0
|   26|0x00000000a3a00000, 0x00000000a3b00000, 0x00000000a3b00000|100%| O|  |TAMS 0x00000000a3a00000| PB 0x00000000a3a00000| Untracked |  0
|   27|0x00000000a3b00000, 0x00000000a3c00000, 0x00000000a3c00000|100%| O|Cm|TAMS 0x00000000a3b00000| PB 0x00000000a3b00000| Complete  |  0
|   28|0x00000000a3c00000, 0x00000000a3d00000, 0x00000000a3d00000|100%| O|  |TAMS 0x00000000a3c00000| PB 0x00000000a3c00000| Untracked |  0
|   29|0x00000000a3d00000, 0x00000000a3e00000, 0x00000000a3e00000|100%| O|  |TAMS 0x00000000a3d00000| PB 0x00000000a3d00000| Untracked |  0
|   30|0x00000000a3e00000, 0x00000000a3e00000, 0x00000000a3f00000|  0%| F|  |TAMS 0x00000000a3e00000| PB 0x00000000a3e00000| Untracked |  0
|   31|0x00000000a3f00000, 0x00000000a3fdef90, 0x00000000a4000000| 87%| O|  |TAMS 0x00000000a3f00000| PB 0x00000000a3f00000| Untracked |  0
|   32|0x00000000a4000000, 0x00000000a4100000, 0x00000000a4100000|100%| S|CS|TAMS 0x00000000a4000000| PB 0x00000000a4000000| Complete  |  0
|   33|0x00000000a4100000, 0x00000000a4200000, 0x00000000a4200000|100%| S|CS|TAMS 0x00000000a4100000| PB 0x00000000a4100000| Complete  |  0
|   34|0x00000000a4200000, 0x00000000a4200000, 0x00000000a4300000|  0%| F|  |TAMS 0x00000000a4200000| PB 0x00000000a4200000| Untracked |  0
|   35|0x00000000a4300000, 0x00000000a4300000, 0x00000000a4400000|  0%| F|  |TAMS 0x00000000a4300000| PB 0x00000000a4300000| Untracked |  0
|   36|0x00000000a4400000, 0x00000000a4400000, 0x00000000a4500000|  0%| F|  |TAMS 0x00000000a4400000| PB 0x00000000a4400000| Untracked |  0
|   37|0x00000000a4500000, 0x00000000a4500000, 0x00000000a4600000|  0%| F|  |TAMS 0x00000000a4500000| PB 0x00000000a4500000| Untracked |  0
|   38|0x00000000a4600000, 0x00000000a4600000, 0x00000000a4700000|  0%| F|  |TAMS 0x00000000a4600000| PB 0x00000000a4600000| Untracked |  0
|   39|0x00000000a4700000, 0x00000000a4700000, 0x00000000a4800000|  0%| F|  |TAMS 0x00000000a4700000| PB 0x00000000a4700000| Untracked |  0
|   40|0x00000000a4800000, 0x00000000a4800000, 0x00000000a4900000|  0%| F|  |TAMS 0x00000000a4800000| PB 0x00000000a4800000| Untracked |  0
|   41|0x00000000a4900000, 0x00000000a4900000, 0x00000000a4a00000|  0%| F|  |TAMS 0x00000000a4900000| PB 0x00000000a4900000| Untracked |  0
|   42|0x00000000a4a00000, 0x00000000a4a00000, 0x00000000a4b00000|  0%| F|  |TAMS 0x00000000a4a00000| PB 0x00000000a4a00000| Untracked |  0
| 1497|0x00000000ff900000, 0x00000000ffa00000, 0x00000000ffa00000|100%| O|  |TAMS 0x00000000ff900000| PB 0x00000000ff900000| Untracked |  0
| 1498|0x00000000ffa00000, 0x00000000ffb00000, 0x00000000ffb00000|100%| O|  |TAMS 0x00000000ffa00000| PB 0x00000000ffa00000| Untracked |  0
| 1499|0x00000000ffb00000, 0x00000000ffc00000, 0x00000000ffc00000|100%| O|  |TAMS 0x00000000ffb00000| PB 0x00000000ffb00000| Untracked |  0
| 1500|0x00000000ffc00000, 0x00000000ffd00000, 0x00000000ffd00000|100%| O|  |TAMS 0x00000000ffc00000| PB 0x00000000ffc00000| Untracked |  0
| 1501|0x00000000ffd00000, 0x00000000ffe00000, 0x00000000ffe00000|100%| O|  |TAMS 0x00000000ffd00000| PB 0x00000000ffd00000| Untracked |  0
| 1502|0x00000000ffe00000, 0x00000000fff00000, 0x00000000fff00000|100%| O|  |TAMS 0x00000000ffe00000| PB 0x00000000ffe00000| Untracked |  0
| 1503|0x00000000fff00000, 0x00000000fff00000, 0x0000000100000000|  0%| F|  |TAMS 0x00000000fff00000| PB 0x00000000fff00000| Untracked |  0

Card table byte_map: [0x00000186a4d40000,0x00000186a5030000] _byte_map_base: 0x00000186a4830000
Refinement table byte_map: [0x00000186a4a50000,0x00000186a4d40000] _byte_map_base: 0x00000186a4540000

Marking Bits: (CMBitMap*) 0x000001868c878b80
 Bits: [0x00000186a5030000, 0x00000186a67b0000)

Polling page: 0x000001868a6d0000

Metaspace:
Metaspace        used 66697K, committed 67200K, reserved 1114112K
 class space     used 9774K, committed 9984K, reserved 1048576K

Usage:
  Non-class:     55.59 MB used.
      Class:      9.55 MB used.
       Both:     65.13 MB used.

Virtual space:
  Non-class space:       64.00 MB reserved,      55.88 MB ( 87%) committed,  1 nodes.
      Class space:        1.00 GB reserved,       9.75 MB ( <1%) committed,  1 nodes.
             Both:        1.06 GB reserved,      65.62 MB (  6%) committed. 

Chunk freelists:
   Non-Class:  7.72 MB
       Class:  6.22 MB
        Both:  13.94 MB

MaxMetaspaceSize: unlimited
CompressedClassSpaceSize: 1.00 GB
Initial GC threshold: 21.00 MB
Current GC threshold: 109.38 MB
CDS: on
 - commit_granule_bytes: 65536.
 - commit_granule_words: 8192.
 - virtual_space_node_default_size: 8388608.
 - enlarge_chunks_in_place: 1.
UseCompressedClassPointers 1, UseCompactObjectHeaders 0
Narrow klass pointer bits 32, Max shift 3
Narrow klass base: 0x0000000034000000, Narrow klass shift: 0
Encoding Range: [0x0000000034000000 - 0x0000000134000000), (4294967296 bytes)
Klass Range:    [0x0000000034000000 - 0x0000000075000000), (1090519040 bytes)
Klass ID Range:  [8 - 1090519033) (1090519025)
Protection zone: [0x0000000034000000 - 0x0000000034010000), (65536 bytes)


Internal statistics:

num_allocs_failed_limit: 6.
num_arena_births: 546.
num_arena_deaths: 0.
num_vsnodes_births: 2.
num_vsnodes_deaths: 0.
num_space_committed: 1049.
num_space_uncommitted: 0.
num_chunks_returned_to_freelist: 6.
num_chunks_taken_from_freelist: 2869.
num_chunk_merges: 6.
num_chunk_splits: 2183.
num_chunks_enlarged: 1858.
num_inconsistent_stats: 0.

CodeHeap 'non-profiled nmethods': size=120064Kb used=2291Kb max_used=2291Kb free=117772Kb
 bounds [0x000001869d220000, 0x000001869d490000, 0x00000186a4760000]
CodeHeap 'profiled nmethods': size=120064Kb used=7919Kb max_used=8047Kb free=112144Kb
 bounds [0x0000018695740000, 0x0000018695f30000, 0x000001869cc80000]
CodeHeap 'non-nmethods': size=5760Kb used=1613Kb max_used=1677Kb free=4146Kb
 bounds [0x000001869cc80000, 0x000001869cef0000, 0x000001869d220000]
CodeCache: size=245888Kb, used=11823Kb, max_used=12015Kb, free=234062Kb
 total_blobs=6049, nmethods=5325, adapters=628, full_count=0
Compilation: enabled, stopped_count=0, restarted_count=0

Compilation events (20 events):
Event: 31.459 Thread 0x000001868c8fdf50 6173       4       org.antlr.v4.runtime.atn.ParserATNSimulator::canDropLoopEntryEdgeInLeftRecursiveRule (328 bytes)
Event: 31.469 Thread 0x000001868c8fdf50 nmethod 6173 0x000001869d459188 code [0x000001869d459280, 0x000001869d459ad8]
Event: 31.469 Thread 0x000001868c8fdf50 6270       4       org.antlr.v4.runtime.misc.Array2DHashSet::getOrAddImpl (146 bytes)
Event: 31.469 Thread 0x000001868c8fe750 6271       2       org.antlr.v4.runtime.atn.ParserATNSimulator::actionTransition (60 bytes)
Event: 31.470 Thread 0x000001868c8fe750 nmethod 6271 0x000001869576be88 code [0x000001869576bf80, 0x000001869576c3b0]
Event: 31.473 Thread 0x00000186ad93b8e0 nmethod 6246 0x000001869d459b08 code [0x000001869d459c00, 0x000001869d45c9a8]
Event: 31.474 Thread 0x00000186ad93b8e0 6161       4       org.antlr.v4.runtime.atn.ParserATNSimulator::getEpsilonTarget (155 bytes)
Event: 31.474 Thread 0x000001868c8fe750 6272       3       java.util.BitSet::cardinality (32 bytes)
Event: 31.474 Thread 0x000001868c8fe750 nmethod 6272 0x0000018695823d88 code [0x0000018695823e80, 0x00000186958240a8]
Event: 31.475 Thread 0x000001868c8fe750 6273       1       org.antlr.v4.runtime.CodePointCharStream::index (5 bytes)
Event: 31.475 Thread 0x000001868c8fe750 nmethod 6273 0x000001869d2c4d08 code [0x000001869d2c4e00, 0x000001869d2c4eb8]
Event: 31.475 Thread 0x000001868c8fe750 6274       1       org.antlr.v4.runtime.Recognizer::getInterpreter (5 bytes)
Event: 31.475 Thread 0x000001868c8fe750 nmethod 6274 0x000001869d3d2408 code [0x000001869d3d2500, 0x000001869d3d25b8]
Event: 31.476 Thread 0x000001868c8fe750 6275       3       org.antlr.v4.runtime.atn.ParserATNSimulator::closure_ (343 bytes)
Event: 31.477 Thread 0x00000186ad93b8e0 nmethod 6161 0x000001869d45ca08 code [0x000001869d45cb00, 0x000001869d45ce50]
Event: 31.477 Thread 0x000001868c8fe750 nmethod 6275 0x0000018695ed8208 code [0x0000018695ed8300, 0x0000018695eda328]
Event: 31.477 Thread 0x00000186ad93b8e0 6276       4       org.antlr.v4.runtime.atn.ParserATNSimulator::canDropLoopEntryEdgeInLeftRecursiveRule (328 bytes)
Event: 31.477 Thread 0x000001868c8fe750 6278       1       org.antlr.v4.runtime.CommonToken::getType (5 bytes)
Event: 31.478 Thread 0x000001868c8fe750 nmethod 6278 0x000001869d3d2088 code [0x000001869d3d2180, 0x000001869d3d2238]
Event: 31.478 Thread 0x000001868c8fe750 6279       2       org.antlr.v4.runtime.atn.ParserATNSimulator::precedenceTransition (266 bytes)

GC Heap Usage History (20 events):
Event: 10.888 {heap After GC invocations=32 (full 0):
 garbage-first heap   total reserved 1540096K, committed 46080K, used 25125K [0x00000000a2000000, 0x0000000100000000)
  region size 1M, 0 eden (0M), 3 survivor (3M), 20 old (20M), 2 humongous (2M), 20 free (20M)
}
Event: 14.895 {heap Before GC invocations=32 (full 0):
 garbage-first heap   total reserved 1540096K, committed 46080K, used 40485K [0x00000000a2000000, 0x0000000100000000)
  region size 1M, 16 eden (16M), 3 survivor (3M), 20 old (20M), 2 humongous (2M), 4 free (4M)
}
Event: 14.902 {heap After GC invocations=33 (full 0):
 garbage-first heap   total reserved 1540096K, committed 47104K, used 26603K [0x00000000a2000000, 0x0000000100000000)
  region size 1M, 0 eden (0M), 2 survivor (2M), 22 old (22M), 2 humongous (2M), 20 free (20M)
}
Event: 17.254 {heap Before GC invocations=33 (full 0):
 garbage-first heap   total reserved 1540096K, committed 47104K, used 42987K [0x00000000a2000000, 0x0000000100000000)
  region size 1M, 16 eden (16M), 2 survivor (2M), 22 old (22M), 2 humongous (2M), 4 free (4M)
}
Event: 17.258 {heap After GC invocations=34 (full 0):
 garbage-first heap   total reserved 1540096K, committed 47104K, used 27804K [0x00000000a2000000, 0x0000000100000000)
  region size 1M, 0 eden (0M), 2 survivor (2M), 24 old (24M), 2 humongous (2M), 18 free (18M)
}
Event: 17.859 {heap Before GC invocations=35 (full 0):
 garbage-first heap   total reserved 1540096K, committed 47104K, used 41116K [0x00000000a2000000, 0x0000000100000000)
  region size 1M, 14 eden (14M), 2 survivor (2M), 24 old (24M), 2 humongous (2M), 4 free (4M)
}
Event: 17.862 {heap After GC invocations=36 (full 0):
 garbage-first heap   total reserved 1540096K, committed 47104K, used 28695K [0x00000000a2000000, 0x0000000100000000)
  region size 1M, 0 eden (0M), 1 survivor (1M), 26 old (26M), 2 humongous (2M), 17 free (17M)
}
Event: 18.269 {heap Before GC invocations=36 (full 0):
 garbage-first heap   total reserved 1540096K, committed 47104K, used 43031K [0x00000000a2000000, 0x0000000100000000)
  region size 1M, 14 eden (14M), 1 survivor (1M), 26 old (26M), 2 humongous (2M), 3 free (3M)
}
Event: 18.272 {heap After GC invocations=37 (full 0):
 garbage-first heap   total reserved 1540096K, committed 47104K, used 29059K [0x00000000a2000000, 0x0000000100000000)
  region size 1M, 0 eden (0M), 2 survivor (2M), 25 old (25M), 2 humongous (2M), 17 free (17M)
}
Event: 30.409 {heap Before GC invocations=37 (full 0):
 garbage-first heap   total reserved 1540096K, committed 47104K, used 43395K [0x00000000a2000000, 0x0000000100000000)
  region size 1M, 14 eden (14M), 2 survivor (2M), 25 old (25M), 2 humongous (2M), 3 free (3M)
}
Event: 30.412 {heap After GC invocations=38 (full 0):
 garbage-first heap   total reserved 1540096K, committed 47104K, used 29793K [0x00000000a2000000, 0x0000000100000000)
  region size 1M, 0 eden (0M), 2 survivor (2M), 26 old (26M), 2 humongous (2M), 16 free (16M)
}
Event: 30.826 {heap Before GC invocations=39 (full 0):
 garbage-first heap   total reserved 1540096K, committed 47104K, used 43105K [0x00000000a2000000, 0x0000000100000000)
  region size 1M, 13 eden (13M), 2 survivor (2M), 26 old (26M), 2 humongous (2M), 3 free (3M)
}
Event: 30.830 {heap After GC invocations=40 (full 0):
 garbage-first heap   total reserved 1540096K, committed 47104K, used 31008K [0x00000000a2000000, 0x0000000100000000)
  region size 1M, 0 eden (0M), 2 survivor (2M), 27 old (27M), 2 humongous (2M), 15 free (15M)
}
Event: 31.221 {heap Before GC invocations=40 (full 0):
 garbage-first heap   total reserved 1540096K, committed 47104K, used 43296K [0x00000000a2000000, 0x0000000100000000)
  region size 1M, 12 eden (12M), 2 survivor (2M), 27 old (27M), 2 humongous (2M), 3 free (3M)
}
Event: 31.226 {heap After GC invocations=41 (full 0):
 garbage-first heap   total reserved 1540096K, committed 48128K, used 31830K [0x00000000a2000000, 0x0000000100000000)
  region size 1M, 0 eden (0M), 2 survivor (2M), 28 old (28M), 2 humongous (2M), 15 free (15M)
}
Event: 31.311 {heap Before GC invocations=41 (full 0):
 garbage-first heap   total reserved 1540096K, committed 48128K, used 44118K [0x00000000a2000000, 0x0000000100000000)
  region size 1M, 12 eden (12M), 2 survivor (2M), 28 old (28M), 2 humongous (2M), 3 free (3M)
}
Event: 31.314 {heap After GC invocations=42 (full 0):
 garbage-first heap   total reserved 1540096K, committed 48128K, used 32446K [0x00000000a2000000, 0x0000000100000000)
  region size 1M, 0 eden (0M), 2 survivor (2M), 28 old (28M), 2 humongous (2M), 15 free (15M)
}
Event: 31.415 {heap Before GC invocations=43 (full 0):
 garbage-first heap   total reserved 1540096K, committed 48128K, used 44734K [0x00000000a2000000, 0x0000000100000000)
  region size 1M, 12 eden (12M), 2 survivor (2M), 28 old (28M), 2 humongous (2M), 3 free (3M)
}
Event: 31.422 {heap After GC invocations=44 (full 0):
 garbage-first heap   total reserved 1540096K, committed 51200K, used 36357K [0x00000000a2000000, 0x0000000100000000)
  region size 1M, 0 eden (0M), 2 survivor (2M), 32 old (32M), 2 humongous (2M), 14 free (14M)
}
Event: 31.479 {heap Before GC invocations=44 (full 0):
 garbage-first heap   total reserved 1540096K, committed 51200K, used 45573K [0x00000000a2000000, 0x0000000100000000)
  region size 1M, 9 eden (9M), 2 survivor (2M), 32 old (32M), 2 humongous (2M), 5 free (5M)
}

Metaspace Usage History (20 events):
Event: 10.888 {metaspace After GC invocations=32 (full 0):
 Metaspace       used 39978K, committed 40448K, reserved 1114112K
  class space    used 5717K, committed 5952K, reserved 1048576K
}
Event: 14.895 {metaspace Before GC invocations=32 (full 0):
 Metaspace       used 45175K, committed 45632K, reserved 1114112K
  class space    used 6329K, committed 6528K, reserved 1048576K
}
Event: 14.902 {metaspace After GC invocations=33 (full 0):
 Metaspace       used 45175K, committed 45632K, reserved 1114112K
  class space    used 6329K, committed 6528K, reserved 1048576K
}
Event: 17.254 {metaspace Before GC invocations=33 (full 0):
 Metaspace       used 49436K, committed 49920K, reserved 1114112K
  class space    used 6882K, committed 7104K, reserved 1048576K
}
Event: 17.258 {metaspace After GC invocations=34 (full 0):
 Metaspace       used 49436K, committed 49920K, reserved 1114112K
  class space    used 6882K, committed 7104K, reserved 1048576K
}
Event: 17.859 {metaspace Before GC invocations=35 (full 0):
 Metaspace       used 54116K, committed 54592K, reserved 1114112K
  class space    used 7638K, committed 7872K, reserved 1048576K
}
Event: 17.862 {metaspace After GC invocations=36 (full 0):
 Metaspace       used 54116K, committed 54592K, reserved 1114112K
  class space    used 7638K, committed 7872K, reserved 1048576K
}
Event: 18.269 {metaspace Before GC invocations=36 (full 0):
 Metaspace       used 57774K, committed 58240K, reserved 1114112K
  class space    used 8282K, committed 8512K, reserved 1048576K
}
Event: 18.272 {metaspace After GC invocations=37 (full 0):
 Metaspace       used 57774K, committed 58240K, reserved 1114112K
  class space    used 8282K, committed 8512K, reserved 1048576K
}
Event: 30.409 {metaspace Before GC invocations=37 (full 0):
 Metaspace       used 61618K, committed 62080K, reserved 1114112K
  class space    used 8886K, committed 9088K, reserved 1048576K
}
Event: 30.412 {metaspace After GC invocations=38 (full 0):
 Metaspace       used 61618K, committed 62080K, reserved 1114112K
  class space    used 8886K, committed 9088K, reserved 1048576K
}
Event: 30.826 {metaspace Before GC invocations=39 (full 0):
 Metaspace       used 62785K, committed 63296K, reserved 1114112K
  class space    used 9112K, committed 9344K, reserved 1048576K
}
Event: 30.830 {metaspace After GC invocations=40 (full 0):
 Metaspace       used 62785K, committed 63296K, reserved 1114112K
  class space    used 9112K, committed 9344K, reserved 1048576K
}
Event: 31.221 {metaspace Before GC invocations=40 (full 0):
 Metaspace       used 66465K, committed 66944K, reserved 1114112K
  class space    used 9753K, committed 9920K, reserved 1048576K
}
Event: 31.226 {metaspace After GC invocations=41 (full 0):
 Metaspace       used 66465K, committed 66944K, reserved 1114112K
  class space    used 9753K, committed 9920K, reserved 1048576K
}
Event: 31.311 {metaspace Before GC invocations=41 (full 0):
 Metaspace       used 66687K, committed 67200K, reserved 1114112K
  class space    used 9774K, committed 9984K, reserved 1048576K
}
Event: 31.314 {metaspace After GC invocations=42 (full 0):
 Metaspace       used 66687K, committed 67200K, reserved 1114112K
  class space    used 9774K, committed 9984K, reserved 1048576K
}
Event: 31.415 {metaspace Before GC invocations=43 (full 0):
 Metaspace       used 66695K, committed 67200K, reserved 1114112K
  class space    used 9774K, committed 9984K, reserved 1048576K
}
Event: 31.422 {metaspace After GC invocations=44 (full 0):
 Metaspace       used 66695K, committed 67200K, reserved 1114112K
  class space    used 9774K, committed 9984K, reserved 1048576K
}
Event: 31.479 {metaspace Before GC invocations=44 (full 0):
 Metaspace       used 66697K, committed 67200K, reserved 1114112K
  class space    used 9774K, committed 9984K, reserved 1048576K
}

Dll operation events (18 events):
Event: 0.006 Attempting to load shared library C:\Program Files\Apache NetBeans\jdk\bin\java.dll
Event: 0.008 Loaded shared library C:\Program Files\Apache NetBeans\jdk\bin\java.dll
Event: 0.110 Attempting to load shared library C:\Program Files\Apache NetBeans\jdk\bin\net.dll
Event: 0.110 Loaded shared library C:\Program Files\Apache NetBeans\jdk\bin\net.dll
Event: 0.112 Attempting to load shared library C:\Program Files\Apache NetBeans\jdk\bin\nio.dll
Event: 0.112 Loaded shared library C:\Program Files\Apache NetBeans\jdk\bin\nio.dll
Event: 0.114 Attempting to load shared library C:\Program Files\Apache NetBeans\jdk\bin\zip.dll
Event: 0.115 Loaded shared library C:\Program Files\Apache NetBeans\jdk\bin\zip.dll
Event: 0.318 Attempting to load shared library C:\Program Files\Apache NetBeans\jdk\bin\jimage.dll
Event: 0.318 Loaded shared library C:\Program Files\Apache NetBeans\jdk\bin\jimage.dll
Event: 3.929 Attempting to load shared library C:\Program Files\Apache NetBeans\jdk\bin\sunmscapi.dll
Event: 3.950 Loaded shared library C:\Program Files\Apache NetBeans\jdk\bin\sunmscapi.dll
Event: 8.829 Attempting to load shared library C:\Program Files\Apache NetBeans\jdk\bin\management.dll
Event: 8.861 Loaded shared library C:\Program Files\Apache NetBeans\jdk\bin\management.dll
Event: 8.883 Attempting to load shared library C:\Program Files\Apache NetBeans\jdk\bin\management_ext.dll
Event: 8.898 Loaded shared library C:\Program Files\Apache NetBeans\jdk\bin\management_ext.dll
Event: 11.451 Attempting to load shared library C:\Program Files\Apache NetBeans\jdk\bin\extnet.dll
Event: 11.474 Loaded shared library C:\Program Files\Apache NetBeans\jdk\bin\extnet.dll

Deoptimization events (20 events):
Event: 31.475 Thread 0x000001868a5bb6a0 Uncommon trap: trap_request=0xffffffd6 fr.pc=0x000001869d45bce0 relative=0x00000000000020e0
Event: 31.475 Thread 0x000001868a5bb6a0 Uncommon trap: reason=array_check action=maybe_recompile pc=0x000001869d45bce0 method=org.antlr.v4.runtime.misc.Array2DHashSet.getOrAddImpl(Ljava/lang/Object;)Ljava/lang/Object; @ 36 c2
Event: 31.475 Thread 0x000001868a5bb6a0 DEOPT PACKING pc=0x000001869d45bce0 sp=0x000000090affb890
Event: 31.475 Thread 0x000001868a5bb6a0 DEOPT UNPACKING pc=0x000001869cda3902 sp=0x000000090affb6c0 mode 2
Event: 31.476 Thread 0x000001868a5bb6a0 Uncommon trap: trap_request=0xffffffde fr.pc=0x000001869d459828 relative=0x00000000000005a8
Event: 31.476 Thread 0x000001868a5bb6a0 Uncommon trap: reason=class_check action=maybe_recompile pc=0x000001869d459828 method=org.antlr.v4.runtime.atn.ParserATNSimulator.canDropLoopEntryEdgeInLeftRecursiveRule(Lorg/antlr/v4/runtime/atn/ATNConfig;)Z @ 193 c2
Event: 31.476 Thread 0x000001868a5bb6a0 DEOPT PACKING pc=0x000001869d459828 sp=0x000000090affadf0
Event: 31.476 Thread 0x000001868a5bb6a0 DEOPT UNPACKING pc=0x000001869cda3902 sp=0x000000090affad78 mode 2
Event: 31.476 Thread 0x000001868a5bb6a0 Uncommon trap: trap_request=0xffffffde fr.pc=0x000001869d459828 relative=0x00000000000005a8
Event: 31.476 Thread 0x000001868a5bb6a0 Uncommon trap: reason=class_check action=maybe_recompile pc=0x000001869d459828 method=org.antlr.v4.runtime.atn.ParserATNSimulator.canDropLoopEntryEdgeInLeftRecursiveRule(Lorg/antlr/v4/runtime/atn/ATNConfig;)Z @ 193 c2
Event: 31.476 Thread 0x000001868a5bb6a0 DEOPT PACKING pc=0x000001869d459828 sp=0x000000090affacd0
Event: 31.476 Thread 0x000001868a5bb6a0 DEOPT UNPACKING pc=0x000001869cda3902 sp=0x000000090affac58 mode 2
Event: 31.476 Thread 0x000001868a5bb6a0 Uncommon trap: trap_request=0xffffffde fr.pc=0x000001869d459828 relative=0x00000000000005a8
Event: 31.476 Thread 0x000001868a5bb6a0 Uncommon trap: reason=class_check action=maybe_recompile pc=0x000001869d459828 method=org.antlr.v4.runtime.atn.ParserATNSimulator.canDropLoopEntryEdgeInLeftRecursiveRule(Lorg/antlr/v4/runtime/atn/ATNConfig;)Z @ 193 c2
Event: 31.476 Thread 0x000001868a5bb6a0 DEOPT PACKING pc=0x000001869d459828 sp=0x000000090affacd0
Event: 31.476 Thread 0x000001868a5bb6a0 DEOPT UNPACKING pc=0x000001869cda3902 sp=0x000000090affac58 mode 2
Event: 31.476 Thread 0x000001868a5bb6a0 Uncommon trap: trap_request=0xffffffde fr.pc=0x000001869d459828 relative=0x00000000000005a8
Event: 31.476 Thread 0x000001868a5bb6a0 Uncommon trap: reason=class_check action=maybe_recompile pc=0x000001869d459828 method=org.antlr.v4.runtime.atn.ParserATNSimulator.canDropLoopEntryEdgeInLeftRecursiveRule(Lorg/antlr/v4/runtime/atn/ATNConfig;)Z @ 193 c2
Event: 31.476 Thread 0x000001868a5bb6a0 DEOPT PACKING pc=0x000001869d459828 sp=0x000000090affacd0
Event: 31.476 Thread 0x000001868a5bb6a0 DEOPT UNPACKING pc=0x000001869cda3902 sp=0x000000090affac58 mode 2

Classes loaded (20 events):
Event: 30.753 Loading class java/util/WeakHashMap$KeyIterator
Event: 30.753 Loading class java/util/WeakHashMap$KeyIterator done
Event: 30.813 Loading class java/lang/Package$1PackageInfoProxy
Event: 30.813 Loading class java/lang/Package$1PackageInfoProxy done
Event: 30.973 Loading class java/lang/invoke/WrongMethodTypeException
Event: 30.991 Loading class java/lang/invoke/WrongMethodTypeException done
Event: 31.022 Loading class java/util/regex/Pattern$SliceU
Event: 31.022 Loading class java/util/regex/Pattern$SliceU done
Event: 31.022 Loading class java/util/regex/Pattern$Bound
Event: 31.022 Loading class java/util/regex/Pattern$Bound done
Event: 31.024 Loading class java/util/regex/Pattern$LookBehindEndNode
Event: 31.024 Loading class java/util/regex/Pattern$LookBehindEndNode done
Event: 31.024 Loading class java/util/regex/Pattern$NotBehind
Event: 31.024 Loading class java/util/regex/Pattern$NotBehind done
Event: 31.024 Loading class java/util/regex/Pattern$Behind
Event: 31.049 Loading class java/util/regex/Pattern$Behind done
Event: 31.092 Loading class java/util/EmptyStackException
Event: 31.092 Loading class java/util/EmptyStackException done
Event: 31.191 Loading class java/io/InvalidClassException
Event: 31.191 Loading class java/io/InvalidClassException done

Classes unloaded (0 events):
No events

Classes redefined (0 events):
No events

Internal exceptions (20 events):
Event: 14.839 Thread 0x000001868a5bb6a0 Implicit null exception at 0x000001869d24b021 to 0x000001869d24b174
Event: 16.729 Thread 0x000001868a5bb6a0 Exception <a 'java/lang/NoSuchMethodError'{0x00000000a4603d78}: 'java.lang.Object java.lang.invoke.DirectMethodHandle$Holder.invokeStaticInit(java.lang.Object, java.lang.Object, java.lang.Object, java.lang.Object)'> (0x00000000a4603d78) 
thrown [s\src\hotspot\share\interpreter\linkResolver.cpp, line 804]
Event: 16.745 Thread 0x000001868a5bb6a0 Exception <a 'java/lang/NoSuchMethodError'{0x00000000a46c9b68}: 'int java.lang.invoke.Invokers$Holder.invokeExact_MT(java.lang.Object, java.lang.Object)'> (0x00000000a46c9b68) 
thrown [s\src\hotspot\share\interpreter\linkResolver.cpp, line 804]
Event: 16.808 Thread 0x000001868a5bb6a0 Exception <a 'java/lang/NoSuchMethodError'{0x00000000a4499fb8}: 'java.lang.Object java.lang.invoke.DirectMethodHandle$Holder.newInvokeSpecial(java.lang.Object, java.lang.Object, java.lang.Object, java.lang.Object, java.lang.Object, int, java.lang.Object)'> (0x00000000a4499fb8) 
thrown [s\src\hotspot\share\interpreter\linkResolver.cpp, line 804]
Event: 17.244 Thread 0x000001868a5bb6a0 Exception <a 'java/lang/NoSuchMethodError'{0x00000000a3ab5728}: 'java.lang.Object java.lang.invoke.DirectMethodHandle$Holder.newInvokeSpecial(java.lang.Object, java.lang.Object, int)'> (0x00000000a3ab5728) 
thrown [s\src\hotspot\share\interpreter\linkResolver.cpp, line 804]
Event: 17.571 Thread 0x000001868a5bb6a0 Exception <a 'java/lang/IncompatibleClassChangeError'{0x00000000a4259cf0}: Found class java.lang.Object, but interface was expected> (0x00000000a4259cf0) 
thrown [s\src\hotspot\share\interpreter\linkResolver.cpp, line 871]
Event: 17.590 Thread 0x000001868a5bb6a0 Exception <a 'java/lang/NoSuchMethodError'{0x00000000a42ff8d8}: 'java.lang.Object java.lang.invoke.DirectMethodHandle$Holder.invokeStatic(java.lang.Object, java.lang.Object, int, java.lang.Object)'> (0x00000000a42ff8d8) 
thrown [s\src\hotspot\share\interpreter\linkResolver.cpp, line 804]
Event: 17.590 Thread 0x000001868a5bb6a0 Exception <a 'java/lang/NoSuchMethodError'{0x00000000a410e780}: 'java.lang.Object java.lang.invoke.DirectMethodHandle$Holder.invokeStaticInit(java.lang.Object, java.lang.Object, int, java.lang.Object)'> (0x00000000a410e780) 
thrown [s\src\hotspot\share\interpreter\linkResolver.cpp, line 804]
Event: 18.319 Thread 0x000001868a5bb6a0 Exception <a 'java/lang/NoSuchMethodError'{0x00000000a484dca8}: 'void java.lang.invoke.DirectMethodHandle$Holder.invokeInterface(java.lang.Object, java.lang.Object, int, java.lang.Object)'> (0x00000000a484dca8) 
thrown [s\src\hotspot\share\interpreter\linkResolver.cpp, line 804]
Event: 18.323 Thread 0x000001868a5bb6a0 Exception <a 'java/lang/NoSuchMethodError'{0x00000000a488fa08}: 'java.lang.Object java.lang.invoke.DirectMethodHandle$Holder.newInvokeSpecial(java.lang.Object, java.lang.Object, int, java.lang.Object)'> (0x00000000a488fa08) 
thrown [s\src\hotspot\share\interpreter\linkResolver.cpp, line 804]
Event: 18.340 Thread 0x000001868a5bb6a0 Exception <a 'java/lang/NoSuchMethodError'{0x00000000a47455f8}: 'void java.lang.invoke.DirectMethodHandle$Holder.invokeSpecial(java.lang.Object, java.lang.Object, java.lang.Object, java.lang.Object, java.lang.Object, java.lang.Object, java.lang.Object, java.lang.Object)'> (0x00000000a47455f8) 
thrown [s\src\hotspot\share\interpreter\linkResolver.cpp, line 804]
Event: 18.346 Thread 0x000001868a5bb6a0 Exception <a 'java/lang/NoSuchMethodError'{0x00000000a47927c0}: 'void java.lang.invoke.DirectMethodHandle$Holder.invokeSpecial(java.lang.Object, java.lang.Object, int, java.lang.Object)'> (0x00000000a47927c0) 
thrown [s\src\hotspot\share\interpreter\linkResolver.cpp, line 804]
Event: 18.368 Thread 0x000001868a5bb6a0 Exception <a 'java/lang/NoSuchMethodError'{0x00000000a46f2b80}: 'int java.lang.invoke.DirectMethodHandle$Holder.invokeStatic(java.lang.Object, int, java.lang.Object)'> (0x00000000a46f2b80) 
thrown [s\src\hotspot\share\interpreter\linkResolver.cpp, line 804]
Event: 18.375 Thread 0x000001868a5bb6a0 Exception <a 'java/lang/NoSuchMethodError'{0x00000000a45672e0}: 'java.lang.Object java.lang.invoke.Invokers$Holder.linkToTargetMethod(java.lang.Object, java.lang.Object, java.lang.Object, java.lang.Object, java.lang.Object, java.lang.Object, java.lang.Object, java.lang.Object, java.lang.Object, java.lang.Object, java.lang.Object, java.lang.Object)'> (0x00000000a45672e0) 
thrown [s\src\hotspot\share\interpreter\linkResolver.cpp, line 804]
Event: 18.405 Thread 0x000001868a5bb6a0 Exception <a 'java/lang/IncompatibleClassChangeError'{0x00000000a44ff1a8}: Found class java.lang.Object, but interface was expected> (0x00000000a44ff1a8) 
thrown [s\src\hotspot\share\interpreter\linkResolver.cpp, line 871]
Event: 18.418 Thread 0x000001868a5bb6a0 Exception <a 'java/lang/NoSuchMethodError'{0x00000000a439f510}: 'java.lang.Object java.lang.invoke.DirectMethodHandle$Holder.newInvokeSpecial(java.lang.Object, java.lang.Object, int, java.lang.Object, int, java.lang.Object, java.lang.Object)'> (0x00000000a439f510) 
thrown [s\src\hotspot\share\interpreter\linkResolver.cpp, line 804]
Event: 30.545 Thread 0x000001868a5bb6a0 Implicit null exception at 0x000001869d360bed to 0x000001869d362230
Event: 30.560 Thread 0x000001868a5bb6a0 Exception <a 'java/lang/IncompatibleClassChangeError'{0x00000000a469ffe0}: Found class java.lang.Object, but interface was expected> (0x00000000a469ffe0) 
thrown [s\src\hotspot\share\interpreter\linkResolver.cpp, line 871]
Event: 30.628 Thread 0x000001868a5bb6a0 Exception <a 'java/lang/IncompatibleClassChangeError'{0x00000000a4433480}: Found class java.lang.Object, but interface was expected> (0x00000000a4433480) 
thrown [s\src\hotspot\share\interpreter\linkResolver.cpp, line 871]
Event: 31.050 Thread 0x000001868a5bb6a0 Exception <a 'java/lang/IncompatibleClassChangeError'{0x00000000a45e6ae0}: Found class java.lang.Object, but interface was expected> (0x00000000a45e6ae0) 
thrown [s\src\hotspot\share\interpreter\linkResolver.cpp, line 871]

VM Operations (20 events):
Event: 30.822 Executing non-safepoint VM operation: HandshakeAllThreads (Deoptimize) done
Event: 30.823 Executing non-safepoint VM operation: HandshakeAllThreads (Deoptimize)
Event: 30.823 Executing non-safepoint VM operation: HandshakeAllThreads (Deoptimize) done
Event: 30.826 Executing safepoint VM operation: G1CollectForAllocation (G1 Evacuation Pause)
Event: 30.830 Executing safepoint VM operation: G1CollectForAllocation (G1 Evacuation Pause) done
Event: 31.206 Executing non-safepoint VM operation: HandshakeAllThreads (Deoptimize)
Event: 31.206 Executing non-safepoint VM operation: HandshakeAllThreads (Deoptimize) done
Event: 31.221 Executing safepoint VM operation: G1CollectForAllocation (G1 Evacuation Pause)
Event: 31.226 Executing safepoint VM operation: G1CollectForAllocation (G1 Evacuation Pause) done
Event: 31.311 Executing safepoint VM operation: G1CollectForAllocation (G1 Evacuation Pause)
Event: 31.314 Executing safepoint VM operation: G1CollectForAllocation (G1 Evacuation Pause) done
Event: 31.316 Executing non-safepoint VM operation: HandshakeAllThreads (Deoptimize)
Event: 31.316 Executing non-safepoint VM operation: HandshakeAllThreads (Deoptimize) done
Event: 31.400 Executing safepoint VM operation: G1PauseRemark
Event: 31.403 Executing safepoint VM operation: G1PauseRemark done
Event: 31.414 Executing safepoint VM operation: G1CollectForAllocation (G1 Evacuation Pause)
Event: 31.422 Executing safepoint VM operation: G1CollectForAllocation (G1 Evacuation Pause) done
Event: 31.437 Executing safepoint VM operation: G1PauseCleanup
Event: 31.437 Executing safepoint VM operation: G1PauseCleanup done
Event: 31.479 Executing safepoint VM operation: G1CollectForAllocation (G1 Evacuation Pause)

Memory protections (0 events):
No events

Nmethod flushes (20 events):
Event: 31.403 Thread 0x000001868c8da5c0 flushing  nmethod 0x000001869d2c4d08
Event: 31.403 Thread 0x000001868c8da5c0 flushing  nmethod 0x0000018695756008
Event: 31.403 Thread 0x000001868c8da5c0 flushing  nmethod 0x000001869576be88
Event: 31.403 Thread 0x000001868c8da5c0 flushing  nmethod 0x000001869576c808
Event: 31.403 Thread 0x000001868c8da5c0 flushing  nmethod 0x0000018695798588
Event: 31.403 Thread 0x000001868c8da5c0 flushing  nmethod 0x000001869587dd88
Event: 31.403 Thread 0x000001868c8da5c0 flushing  nmethod 0x0000018695891108
Event: 31.403 Thread 0x000001868c8da5c0 flushing  nmethod 0x00000186958ba408
Event: 31.403 Thread 0x000001868c8da5c0 flushing  nmethod 0x00000186958c0688
Event: 31.403 Thread 0x000001868c8da5c0 flushing  nmethod 0x000001869593be88
Event: 31.403 Thread 0x000001868c8da5c0 flushing  nmethod 0x000001869595d688
Event: 31.403 Thread 0x000001868c8da5c0 flushing  nmethod 0x000001869597a308
Event: 31.403 Thread 0x000001868c8da5c0 flushing  nmethod 0x00000186959c8688
Event: 31.403 Thread 0x000001868c8da5c0 flushing  nmethod 0x0000018695a64d88
Event: 31.403 Thread 0x000001868c8da5c0 flushing  nmethod 0x0000018695a67708
Event: 31.403 Thread 0x000001868c8da5c0 flushing  nmethod 0x0000018695aebc88
Event: 31.403 Thread 0x000001868c8da5c0 flushing  nmethod 0x0000018695b10d88
Event: 31.403 Thread 0x000001868c8da5c0 flushing  nmethod 0x0000018695b34e08
Event: 31.403 Thread 0x000001868c8da5c0 flushing  nmethod 0x0000018695b36888
Event: 31.403 Thread 0x000001868c8da5c0 flushing  nmethod 0x0000018695dde608

Events (20 events):
Event: 5.939 Thread 0x00000186ade87ea0 Thread exited: 0x00000186ade87ea0
Event: 6.381 Thread 0x00000186ae3d4070 Thread exited: 0x00000186ae3d4070
Event: 6.462 Thread 0x000001868c8fe750 Thread added: 0x00000186ae856230
Event: 8.907 Thread 0x00000186ae856230 Thread exited: 0x00000186ae856230
Event: 9.034 Thread 0x000001868c8fe750 Thread added: 0x00000186afdbb280
Event: 9.132 Thread 0x000001868a5bb6a0 Thread added: 0x00000186ade847f0
Event: 9.133 Thread 0x00000186ade847f0 Thread added: 0x00000186ade87ea0
Event: 9.137 Thread 0x000001868a5bb6a0 Thread added: 0x00000186ade876d0
Event: 9.325 Thread 0x000001868a5bb6a0 Thread added: 0x00000186b053c1f0
Event: 9.941 Thread 0x00000186afdbb280 Thread exited: 0x00000186afdbb280
Event: 11.966 Thread 0x000001868c8fe750 Thread added: 0x00000186afa963d0
Event: 12.689 Thread 0x00000186afa963d0 Thread exited: 0x00000186afa963d0
Event: 14.840 Thread 0x000001868a5bb6a0 Thread added: 0x00000186b0535c60
Event: 14.945 Thread 0x00000186b0535c60 Thread added: 0x00000186b053aa80
Event: 16.778 Thread 0x000001868c8fe750 Thread added: 0x00000186af29f010
Event: 17.850 Thread 0x00000186af29f010 Thread exited: 0x00000186af29f010
Event: 21.193 Thread 0x00000186b053aa80 Thread exited: 0x00000186b053aa80
Event: 30.432 Thread 0x000001868c8fe750 Thread added: 0x00000186ad93b8e0
Event: 31.022 Thread 0x00000186ad93b8e0 Thread exited: 0x00000186ad93b8e0
Event: 31.246 Thread 0x000001868c8fe750 Thread added: 0x00000186ad93b8e0


Dynamic libraries:
0x00007ff79a7b0000 - 0x00007ff79a7be000 	C:\Program Files\Apache NetBeans\jdk\bin\java.exe
0x00007ffe00250000 - 0x00007ffe00448000 	C:\Windows\SYSTEM32\ntdll.dll
0x00007ffdffb40000 - 0x00007ffdffc02000 	C:\Windows\System32\KERNEL32.DLL
0x00007ffdfde50000 - 0x00007ffdfe146000 	C:\Windows\System32\KERNELBASE.dll
0x00007ffdfda40000 - 0x00007ffdfdb40000 	C:\Windows\System32\ucrtbase.dll
0x00007ffdf9290000 - 0x00007ffdf92ae000 	C:\Program Files\Apache NetBeans\jdk\bin\VCRUNTIME140.dll
0x00007ffdf3c90000 - 0x00007ffdf3ca7000 	C:\Program Files\Apache NetBeans\jdk\bin\jli.dll
0x00007ffdffe30000 - 0x00007ffdfffd1000 	C:\Windows\System32\USER32.dll
0x00007ffde8f60000 - 0x00007ffde91fb000 	C:\Windows\WinSxS\amd64_microsoft.windows.common-controls_6595b64144ccf1df_6.0.19041.6456_none_60b8a6cb71f64256\COMCTL32.dll
0x00007ffdfd990000 - 0x00007ffdfd9b2000 	C:\Windows\System32\win32u.dll
0x00007ffdfe270000 - 0x00007ffdfe30e000 	C:\Windows\System32\msvcrt.dll
0x00007ffdffc20000 - 0x00007ffdffc4b000 	C:\Windows\System32\GDI32.dll
0x00007ffdfe150000 - 0x00007ffdfe269000 	C:\Windows\System32\gdi32full.dll
0x00007ffdfddb0000 - 0x00007ffdfde4d000 	C:\Windows\System32\msvcp_win.dll
0x00007ffdfee50000 - 0x00007ffdfee7f000 	C:\Windows\System32\IMM32.DLL
0x00007ffdfa4c0000 - 0x00007ffdfa4cc000 	C:\Program Files\Apache NetBeans\jdk\bin\vcruntime140_1.dll
0x00007ffdf29d0000 - 0x00007ffdf2a5d000 	C:\Program Files\Apache NetBeans\jdk\bin\msvcp140.dll
0x00007ffdcafa0000 - 0x00007ffdcbf39000 	C:\Program Files\Apache NetBeans\jdk\bin\server\jvm.dll
0x00007ffe00130000 - 0x00007ffe001e1000 	C:\Windows\System32\ADVAPI32.dll
0x00007ffdff030000 - 0x00007ffdff0cf000 	C:\Windows\System32\sechost.dll
0x00007ffdff5b0000 - 0x00007ffdff6d0000 	C:\Windows\System32\RPCRT4.dll
0x00007ffdfda10000 - 0x00007ffdfda37000 	C:\Windows\System32\bcrypt.dll
0x00007ffdff540000 - 0x00007ffdff5ab000 	C:\Windows\System32\WS2_32.dll
0x00007ffdfd360000 - 0x00007ffdfd3ab000 	C:\Windows\SYSTEM32\POWRPROF.dll
0x00007ffdf5fa0000 - 0x00007ffdf5fc7000 	C:\Windows\SYSTEM32\WINMM.dll
0x00007ffdf6e90000 - 0x00007ffdf6e9a000 	C:\Windows\SYSTEM32\VERSION.dll
0x00007ffdfd2d0000 - 0x00007ffdfd2e2000 	C:\Windows\SYSTEM32\UMPDC.dll
0x00007ffdfb770000 - 0x00007ffdfb782000 	C:\Windows\SYSTEM32\kernel.appcore.dll
0x00007ffdfa480000 - 0x00007ffdfa48a000 	C:\Program Files\Apache NetBeans\jdk\bin\jimage.dll
0x00007ffdea770000 - 0x00007ffdea971000 	C:\Windows\SYSTEM32\DBGHELP.DLL
0x00007ffdeaa40000 - 0x00007ffdeaa74000 	C:\Windows\SYSTEM32\dbgcore.DLL
0x00007ffdfdd20000 - 0x00007ffdfdda2000 	C:\Windows\System32\bcryptPrimitives.dll
0x00007ffdf5f80000 - 0x00007ffdf5f9e000 	C:\Program Files\Apache NetBeans\jdk\bin\java.dll
0x00007ffdfe310000 - 0x00007ffdfe43b000 	C:\Windows\System32\ole32.dll
0x00007ffdff1e0000 - 0x00007ffdff534000 	C:\Windows\System32\combase.dll
0x00007ffdfe6e0000 - 0x00007ffdfee50000 	C:\Windows\System32\SHELL32.dll
0x00007ffdfb970000 - 0x00007ffdfc115000 	C:\Windows\SYSTEM32\windows.storage.dll
0x00007ffdfd2a0000 - 0x00007ffdfd2cb000 	C:\Windows\SYSTEM32\Wldp.dll
0x00007ffdfe4c0000 - 0x00007ffdfe58d000 	C:\Windows\System32\OLEAUT32.dll
0x00007ffe00070000 - 0x00007ffe0011d000 	C:\Windows\System32\SHCORE.dll
0x00007ffdff0d0000 - 0x00007ffdff12b000 	C:\Windows\System32\shlwapi.dll
0x00007ffdfd810000 - 0x00007ffdfd834000 	C:\Windows\SYSTEM32\profapi.dll
0x00007ffdf3910000 - 0x00007ffdf3921000 	C:\Program Files\Apache NetBeans\jdk\bin\net.dll
0x00007ffdfd000000 - 0x00007ffdfd06a000 	C:\Windows\system32\mswsock.dll
0x00007ffdf38f0000 - 0x00007ffdf3906000 	C:\Program Files\Apache NetBeans\jdk\bin\nio.dll
0x00007ffdf3980000 - 0x00007ffdf3997000 	C:\Program Files\Apache NetBeans\jdk\bin\zip.dll
0x00007ffdf3510000 - 0x00007ffdf351e000 	C:\Program Files\Apache NetBeans\jdk\bin\sunmscapi.dll
0x00007ffdfdbc0000 - 0x00007ffdfdd1d000 	C:\Windows\System32\CRYPT32.dll
0x00007ffdfd330000 - 0x00007ffdfd357000 	C:\Windows\SYSTEM32\ncrypt.dll
0x00007ffdfd2f0000 - 0x00007ffdfd32b000 	C:\Windows\SYSTEM32\NTASN1.dll
0x00007ffdfd1f0000 - 0x00007ffdfd208000 	C:\Windows\SYSTEM32\CRYPTSP.dll
0x00007ffdfc8b0000 - 0x00007ffdfc8e8000 	C:\Windows\system32\rsaenh.dll
0x00007ffdfd7d0000 - 0x00007ffdfd7fe000 	C:\Windows\SYSTEM32\USERENV.dll
0x00007ffdfd210000 - 0x00007ffdfd21c000 	C:\Windows\SYSTEM32\CRYPTBASE.dll
0x00007ffdfcce0000 - 0x00007ffdfcd1b000 	C:\Windows\SYSTEM32\IPHLPAPI.DLL
0x00007ffdffc10000 - 0x00007ffdffc18000 	C:\Windows\System32\NSI.dll
0x00007ffdf3970000 - 0x00007ffdf397a000 	C:\Program Files\Apache NetBeans\jdk\bin\management.dll
0x00007ffdf37d0000 - 0x00007ffdf37dc000 	C:\Program Files\Apache NetBeans\jdk\bin\management_ext.dll
0x00007ffe00120000 - 0x00007ffe00128000 	C:\Windows\System32\PSAPI.DLL
0x00007ffdfcd20000 - 0x00007ffdfcdea000 	C:\Windows\SYSTEM32\DNSAPI.dll
0x00007ffdeca20000 - 0x00007ffdeca2a000 	C:\Windows\System32\rasadhlp.dll
0x00007ffdf4bc0000 - 0x00007ffdf4c40000 	C:\Windows\System32\fwpuclnt.dll
0x00007ffdf7730000 - 0x00007ffdf7739000 	C:\Program Files\Apache NetBeans\jdk\bin\extnet.dll

JVMTI agents: none

dbghelp: loaded successfully - version: 4.0.5 - missing functions: none
symbol engine: initialized successfully - sym options: 0x614 - pdb path: .;C:\Program Files\Apache NetBeans\jdk\bin;C:\Windows\SYSTEM32;C:\Windows\WinSxS\amd64_microsoft.windows.common-controls_6595b64144ccf1df_6.0.19041.6456_none_60b8a6cb71f64256;C:\Program Files\Apache NetBeans\jdk\bin\server

VM Arguments:
java_command: tuti.desi.TpIntegradorProbaReiniciandoApplication
java_class_path (initial): C:\Users\Davic\Documents\NetBeansProjects\tpInegradorDesiProbaReiniciando\target\classes;C:\Users\Davic\.m2\repository\org\springframework\boot\spring-boot-starter-thymeleaf\4.0.6\spring-boot-starter-thymeleaf-4.0.6.jar;C:\Users\Davic\.m2\repository\org\springframework\boot\spring-boot-starter\4.0.6\spring-boot-starter-4.0.6.jar;C:\Users\Davic\.m2\repository\org\springframework\boot\spring-boot-starter-logging\4.0.6\spring-boot-starter-logging-4.0.6.jar;C:\Users\Davic\.m2\repository\ch\qos\logback\logback-classic\1.5.32\logback-classic-1.5.32.jar;C:\Users\Davic\.m2\repository\ch\qos\logback\logback-core\1.5.32\logback-core-1.5.32.jar;C:\Users\Davic\.m2\repository\org\apache\logging\log4j\log4j-to-slf4j\2.25.4\log4j-to-slf4j-2.25.4.jar;C:\Users\Davic\.m2\repository\org\apache\logging\log4j\log4j-api\2.25.4\log4j-api-2.25.4.jar;C:\Users\Davic\.m2\repository\org\slf4j\jul-to-slf4j\2.0.17\jul-to-slf4j-2.0.17.jar;C:\Users\Davic\.m2\repository\org\springframework\boot\spring-boot-autoconfigure\4.0.6\spring-boot-autoconfigure-4.0.6.jar;C:\Users\Davic\.m2\repository\jakarta\annotation\jakarta.annotation-api\3.0.0\jakarta.annotation-api-3.0.0.jar;C:\Users\Davic\.m2\repository\org\yaml\snakeyaml\2.5\snakeyaml-2.5.jar;C:\Users\Davic\.m2\repository\org\springframework\boot\spring-boot-thymeleaf\4.0.6\spring-boot-thymeleaf-4.0.6.jar;C:\Users\Davic\.m2\repository\org\springframework\boot\spring-boot\4.0.6\spring-boot-4.0.6.jar;C:\Users\Davic\.m2\repository\org\springframework\spring-context\7.0.7\spring-context-7.0.7.jar;C:\Users\Davic\.m2\repository\org\thymeleaf\thymeleaf-spring6\3.1.5.RELEASE\thymeleaf-spring6-3.1.5.RELEASE.jar;C:\Users\Davic\.m2\repository\org\thymeleaf\thymeleaf\3.1.5.RELEASE\thymeleaf-3.1.5.RELEASE.jar;C:\Users\Davic\.m2\repository\org\attoparser\attoparser\2.0.7.RELEASE\attoparser-2.0.7.RELEASE.jar;C:\Users\Davic\.m2\repository\org\unbescape\unbescape\1.1.6.RELEASE\unbescape-1.1.6.RELEASE.jar;C:\Users\Davic\.m2\repository\org\springframework\spring-web\7.0.7\spring-web-7.0.7.jar;C:\Users\Davic\.m2\repository\org\springframework\spring-beans\7.0.7\spring-beans-7.0.7.jar;C:\Users\Davic\.m2\repository\io\micrometer\micrometer-observation\1.16.5\micrometer-observation-1.16.5.jar;C:\Users\Davic\.m2\repository\io\micrometer\micrometer-commons\1.16.5\micrometer-commons-1.16.5.jar;C:\Users\Davic\.m2\repository\org\springframework\boot\spring-boot-starter-web\4.0.6\spring-boot-starter-web-4.0.6.jar;C:\Users\Davic\.m2\repository\org\springframework\boot\spring-boot-starter-jackson\4.0.6\spring-boot-starter-jackson-4.0.6.jar;C:\Users\Davic\.m2\repository\org\springframework\boot\spring-boot-jackson\4.0.6\spring-boot-jackson-4.0.6.jar;C:\Users\Davic\.m2\repository\tools\jackson\core\jackson-databind\3.1.2\jackson-databind-3.1.2.jar;C:\Users\Davic\.m2\repository\com\fasterxml\jackson\core\jackson-annotations\2.21\jackson-annotations-2.21.jar;C:\Users\Davic\.m2\repository\tools\jackson\core\jackson-core\3.1.2\jackson-core-3.1.2.jar;C:\Users\Davic\.m2\repository\org\springframework\boot\spring-boot-starter-tomcat\4.0.6\spring-boot-starter-tomcat-4.0.6.jar;C:\Users\Davic\.m2\repository\org\springframework\boot\spring-boot-starter-tomcat-runtime\4.0.6\spring-boot-starter-tomcat-runtime-4.0.6.jar;C:\Users\Davic\.m2\repository\org\springframework\boot\spring-boot-web-server\4.0.6\spring-boot-web-server-4.0.6.jar;C:\Users\Davic\.m2\repository\org\apache\tomcat\embed\tomcat-embed-core\11.0.21\tomcat-embed-core-11.0.21.jar;C:\Users\Davic\.m2\repository\org\apache\tomcat\embed\tomcat-embed-websocket\11.0.21\tomcat-embed-websocket-11.0.21.jar;C:\Users\Davic\.m2\repository\org\springframework\boot\spring-boot-tomcat\4.0.6\spring-boot-tomcat-4.0.6.jar;C:\Users\Davic\.m2\repository\org\springframework\boot\spring-boot-http-converter\4.0.6\spring-boot-http-converter-4.0.6.jar;C:\Users\Davic\.m2\repository\org\springframework\boot\spring-boot-webmvc\4.0.6\spring-boot-webmvc-4.0.6.jar;C:\Users\Davic\.m2\repository\org\springframework\boot\spring-boot-servlet\4.0.6\spring-boot-servlet-4.0.6.jar;C:\Users\Davic\.m2\repository\org\springframework\spring-webmvc\7.0.7\spring-webmvc-7.0.7.jar;C:\Users\Davic\.m2\repository\org\springframework\spring-aop\7.0.7\spring-aop-7.0.7.jar;C:\Users\Davic\.m2\repository\org\springframework\spring-expression\7.0.7\spring-expression-7.0.7.jar;C:\Users\Davic\.m2\repository\org\springframework\boot\spring-boot-starter-data-jpa\4.0.6\spring-boot-starter-data-jpa-4.0.6.jar;C:\Users\Davic\.m2\repository\org\springframework\boot\spring-boot-starter-jdbc\4.0.6\spring-boot-starter-jdbc-4.0.6.jar;C:\Users\Davic\.m2\repository\com\zaxxer\HikariCP\7.0.2\HikariCP-7.0.2.jar;C:\Users\Davic\.m2\repository\org\springframework\boot\spring-boot-data-jpa\4.0.6\spring-boot-data-jpa-4.0.6.jar;C:\Users\Davic\.m2\repository\org\springframework\boot\spring-boot-data-commons\4.0.6\spring-boot-data-commons-4.0.6.jar;C:\Users\Davic\.m2\repository\org\springframework\boot\spring-boot-persistence\4.0.6\spring-boot-persistence-4.0.6.jar;C:\Users\Davic\.m2\repository\org\springframework\data\spring-data-commons\4.0.5\spring-data-commons-4.0.5.jar;C:\Users\Davic\.m2\repository\org\springframework\boot\spring-boot-hibernate\4.0.6\spring-boot-hibernate-4.0.6.jar;C:\Users\Davic\.m2\repository\org\springframework\boot\spring-boot-jpa\4.0.6\spring-boot-jpa-4.0.6.jar;C:\Users\Davic\.m2\repository\jakarta\persistence\jakarta.persistence-api\3.2.0\jakarta.persistence-api-3.2.0.jar;C:\Users\Davic\.m2\repository\org\hibernate\orm\hibernate-core\7.2.12.Final\hibernate-core-7.2.12.Final.jar;C:\Users\Davic\.m2\repository\jakarta\transaction\jakarta.transaction-api\2.0.1\jakarta.transaction-api-2.0.1.jar;C:\Users\Davic\.m2\repository\org\hibernate\models\hibernate-models\1.0.1\hibernate-models-1.0.1.jar;C:\Users\Davic\.m2\repository\org\glassfish\jaxb\jaxb-runtime\4.0.6\jaxb-runtime-4.0.6.jar;C:\Users\Davic\.m2\repository\org\glassfish\jaxb\jaxb-core\4.0.6\jaxb-core-4.0.6.jar;C:\Users\Davic\.m2\repository\org\eclipse\angus\angus-activation\2.0.3\angus-activation-2.0.3.jar;C:\Users\Davic\.m2\repository\org\glassfish\jaxb\txw2\4.0.6\txw2-4.0.6.jar;C:\Users\Davic\.m2\repository\com\sun\istack\istack-commons-runtime\4.1.2\istack-commons-runtime-4.1.2.jar;C:\Users\Davic\.m2\repository\jakarta\inject\jakarta.inject-api\2.0.1\jakarta.inject-api-2.0.1.jar;C:\Users\Davic\.m2\repository\org\springframework\spring-orm\7.0.7\spring-orm-7.0.7.jar;C:\Users\Davic\.m2\repository\org\springframework\data\spring-data-jpa\4.0.5\spring-data-jpa-4.0.5.jar;C:\Users\Davic\.m2\repository\org\springframework\spring-tx\7.0.7\spring-tx-7.0.7.jar;C:\Users\Davic\.m2\repository\org\antlr\antlr4-runtime\4.13.2\antlr4-runtime-4.13.2.jar;C:\Users\Davic\.m2\repository\org\springframework\spring-aspects\7.0.7\spring-aspects-7.0.7.jar;C:\Users\Davic\.m2\repository\org\aspectj\aspectjweaver\1.9.25.1\aspectjweaver-1.9.25.1.jar;C:\Users\Davic\.m2\repository\org\springframework\boot\spring-boot-jdbc\4.0.6\spring-boot-jdbc-4.0.6.jar;C:\Users\Davic\.m2\repository\org\springframework\boot\spring-boot-sql\4.0.6\spring-boot-sql-4.0.6.jar;C:\Users\Davic\.m2\repository\org\springframework\boot\spring-boot-transaction\4.0.6\spring-boot-transaction-4.0.6.jar;C:\Users\Davic\.m2\repository\org\springframework\spring-jdbc\7.0.7\spring-jdbc-7.0.7.jar;C:\Users\Davic\.m2\repository\com\mysql\mysql-connector-j\9.3.0\mysql-connector-j-9.3.0.jar;C:\Users\Davic\.m2\repository\org\projectlombok\lombok\1.18.46\lombok-1.18.46.jar;C:\Users\Davic\.m2\repository\org\slf4j\slf4j-api\2.0.17\slf4j-api-2.0.17.jar;C:\Users\Davic\.m2\repository\jakarta\xml\bind\jakarta.xml.bind-api\4.0.4\jakarta.xml.bind-api-4.0.4.jar;C:\Users\Davic\.m2\repository\jakarta\activation\jakarta.activation-api\2.1.4\jakarta.activation-api-2.1.4.jar;C:\Users\Davic\.m2\repository\net\bytebuddy\byte-buddy\1.17.8\byte-buddy-1.17.8.jar;C:\Users\Davic\.m2\repository\org\springframework\spring-core\7.0.7\spring-core-7.0.7.jar;C:\Users\Davic\.m2\repository\commons-logging\commons-logging\1.3.6\commons-logging-1.3.6.jar;C:\Users\Davic\.m2\repository\org\jspecify\jspecify\1.0.0\jspecify-1.0.0.jar;C:\Users\Davic\.m2\repository\org\springframework\boot\spring-boot-starter-validation\4.0.6\spring-boot-starter-validation-4.0.6.jar;C:\Users\Davic\.m2\repository\org\springframework\boot\spring-boot-validation\4.0.6\spring-boot-validation-4.0.6.jar;C:\Users\Davic\.m2\repository\org\apache\tomcat\embed\tomcat-embed-el\11.0.21\tomcat-embed-el-11.0.21.jar;C:\Users\Davic\.m2\repository\org\hibernate\validator\hibernate-validator\9.0.1.Final\hibernate-validator-9.0.1.Final.jar;C:\Users\Davic\.m2\repository\jakarta\validation\jakarta.validation-api\3.1.1\jakarta.validation-api-3.1.1.jar;C:\Users\Davic\.m2\repository\org\jboss\logging\jboss-logging\3.6.3.Final\jboss-logging-3.6.3.Final.jar;C:\Users\Davic\.m2\repository\com\fasterxml\classmate\1.7.3\classmate-1.7.3.jar
Launcher Type: SUN_STANDARD

[Global flags]
     bool AOTAdapterCaching                        = false                                  {diagnostic} {ergonomic}
     bool AOTInvokeDynamicLinking                  = false                                  {diagnostic} {ergonomic}
     bool AOTRecordTraining                        = false                                  {diagnostic} {ergonomic}
     bool AOTReplayTraining                        = false                                  {diagnostic} {ergonomic}
     bool AOTStubCaching                           = false                                  {diagnostic} {ergonomic}
     intx CICompilerCount                          = 3                                         {product} {ergonomic}
     uint ConcGCThreads                            = 1                                         {product} {ergonomic}
     uint G1ConcRefinementThreads                  = 4                                         {product} {ergonomic}
     uint G1EagerReclaimRemSetThreshold            = 10                                   {experimental} {ergonomic}
   size_t G1HeapRegionSize                         = 1048576                                   {product} {ergonomic}
     uint G1RemSetArrayOfCardsEntries              = 10                                   {experimental} {ergonomic}
     uint G1RemSetHowlMaxNumBuckets                = 8                                    {experimental} {ergonomic}
     uint G1RemSetHowlNumBuckets                   = 4                                    {experimental} {ergonomic}
   size_t InitialHeapSize                          = 8388608                                   {product} {ergonomic}
     bool IntelJccErratumMitigation                = false                             {ARCH diagnostic} {ergonomic}
   size_t MarkStackSize                            = 4194304                                   {product} {ergonomic}
   size_t MarkStackSizeMax                         = 536870912                                 {product} {ergonomic}
   size_t MaxHeapSize                              = 1577058304                                {product} {ergonomic}
   size_t MaxNewSize                               = 945815552                                 {product} {ergonomic}
 uint64_t MaxRAM                                   = 6305951744                                {product} {ergonomic}
   size_t MinHeapDeltaBytes                        = 1048576                                   {product} {ergonomic}
   size_t MinHeapSize                              = 8388608                                   {product} {ergonomic}
   size_t NonNMethodCodeHeapSize                   = 5898240                                {pd product} {ergonomic}
   size_t NonProfiledCodeHeapSize                  = 122945536                              {pd product} {ergonomic}
   size_t ProfiledCodeHeapSize                     = 122945536                              {pd product} {ergonomic}
   size_t ReservedCodeCacheSize                    = 251789312                              {pd product} {ergonomic}
     bool SegmentedCodeCache                       = true                                      {product} {ergonomic}
   size_t SoftMaxHeapSize                          = 1577058304                             {manageable} {ergonomic}
     bool UseCompressedOops                        = true                           {product lp64_product} {ergonomic}
     bool UseCondCardMark                          = true                                      {product} {ergonomic}
     bool UseFastUnorderedTimeStamps               = true                                 {experimental} {ergonomic}
     bool UseG1GC                                  = true                                      {product} {ergonomic}
     bool UseLargePagesIndividualAllocation        = false                                  {pd product} {ergonomic}
      int X86ICacheSync                            = 1                                 {ARCH diagnostic} {ergonomic}

Logging:
Log output configuration:
 #0: stdout all=warning uptime,level,tags foldmultilines=false
 #1: stderr all=off uptime,level,tags foldmultilines=false

Release file:
IMPLEMENTOR="Eclipse Adoptium" 
IMPLEMENTOR_VERSION="Temurin-26.0.1+8" 
JAVA_RUNTIME_VERSION="26.0.1+8" 
JAVA_VERSION="26.0.1" 
JAVA_VERSION_DATE="2026-04-21" 
LIBC="default" 
MODULES="java.base java.compiler java.datatransfer java.xml java.prefs java.desktop java.instrument java.logging java.management java.security.sasl java.naming java.rmi java.management.rmi java.net.http java.scripting java.security.jgss java.transaction.xa java.sql java.sql.rowset java.xml.crypto java.se java.smartcardio jdk.accessibility jdk.internal.jvmstat jdk.attach jdk.charsets jdk.internal.opt jdk.zipfs jdk.compiler jdk.crypto.cryptoki jdk.crypto.ec jdk.crypto.mscapi jdk.dynalink jdk.internal.ed jdk.editpad jdk.internal.vm.ci jdk.graal.compiler jdk.graal.compiler.management jdk.hotspot.agent jdk.httpserver jdk.incubator.vector jdk.internal.le jdk.internal.md jdk.jartool jdk.javadoc jdk.jcmd jdk.management jdk.management.agent jdk.jconsole jdk.jdeps jdk.jdwp.agent jdk.jdi jdk.jfr jdk.jlink jdk.jpackage jdk.jshell jdk.jstatd jdk.localedata jdk.management.jfr jdk.naming.dns jdk.naming.rmi jdk.net jdk.nio.mapmode jdk.sctp jdk.security.auth jdk.security.jgss jdk.unsupported jdk.unsupported.desktop jdk.xml.dom" 
OS_ARCH="x86_64" 
OS_NAME="Windows" 
SOURCE=".:git:1cafccec39fb" 
BUILD_SOURCE="git:a612825ee82a20ac872d60958c349854c1f29a8e"
BUILD_SOURCE_REPO="https://github.com/adoptium/temurin-build.git"
SOURCE_REPO="https://github.com/adoptium/jdk26u.git"
FULL_VERSION="26.0.1+8"
SEMANTIC_VERSION="26.0.1+8"
BUILD_INFO="OS: Windows Server 2022 Version: 10.0"
JVM_VARIANT="Hotspot"
JVM_VERSION="26.0.1+8"
IMAGE_TYPE="JDK"

Environment Variables:
JAVA_HOME=C:\Program Files\Apache NetBeans\jdk
PATH=C:\Program Files\Common Files\Oracle\Java\javapath;C:\Windows\system32;C:\Windows;C:\Windows\System32\Wbem;C:\Windows\System32\WindowsPowerShell\v1.0\;C:\Windows\System32\OpenSSH\;C:\Program Files\Microsoft SQL Server\170\Tools\Binn\;C:\Program Files\dotnet\;C:\Program Files\Git\cmd;C:\Program Files\MySQL\MySQL Server 8.0\bin;C:\ProgramData\chocolatey\bin;C:\ProgramData\chocolatey\bin;;C:\tools\php85;C:\Users\Davic\AppData\Local\Microsoft\WindowsApps;C:\Users\Davic\AppData\Local\Programs\Microsoft VS Code\bin;C:\Users\Davic\.dotnet\tools;C:\Program Files\Apache NetBeans\bin\
USERNAME=Ceci
OS=Windows_NT
PROCESSOR_IDENTIFIER=Intel64 Family 6 Model 60 Stepping 3, GenuineIntel
TMP=C:\Users\Davic\AppData\Local\Temp
TEMP=C:\Users\Davic\AppData\Local\Temp




Compilation memory statistics disabled.

Periodic native trim disabled

---------------  S Y S T E M  ---------------

OS:
 Windows 10 , 64 bit Build 19041 (10.0.19041.5915)
OS uptime: 13 days 23:06 hours

CPU: total 4 (initial active 4) (2 cores per cpu, 2 threads per core) family 6 model 60 stepping 3 microcode 0x27, cx8, cmov, fxsr, ht, mmx, sse, sse2, sse3, ssse3, sse4.1, sse4.2, popcnt, lzcnt, tsc, tscinvbit, avx, avx2, aes, erms, clmul, bmi1, bmi2, fma, vzeroupper, clflush, rdtscp, f16c
Processor Information for the first 4 processors :
  Max Mhz: 3600, Current Mhz: 3600, Mhz Limit: 3600

Memory: 4k page, system-wide physical 6013M (458M free)
TotalPageFile size 8013M (AvailPageFile size 76M)
current process WorkingSet (physical memory assigned to process): 213M, peak: 218M
current process commit charge ("private bytes"): 241M, peak: 340M

vm_info: OpenJDK 64-Bit Server VM (26.0.1+8) for windows-amd64 JRE (26.0.1+8), built on 2026-04-21T00:00:00Z with MS VC++ 17.12 (VS2022)

END.
