#
# There is insufficient memory for the Java Runtime Environment to continue.
# Native memory allocation (malloc) failed to allocate 32744 bytes for ChunkPool::allocate
# Possible reasons:
#   The system is out of physical RAM or swap space
#   The process is running with CompressedOops enabled, and the Java Heap may be blocking the growth of the native heap
# Possible solutions:
#   Reduce memory load on the system
#   Increase physical memory or swap space
#   Check if swap backing store is full
#   Decrease Java heap size (-Xmx/-Xms)
#   Decrease number of Java threads
#   Decrease Java thread stack sizes (-Xss)
#   Set larger code cache with -XX:ReservedCodeCacheSize=
#   JVM is running with Unscaled Compressed Oops mode in which the Java heap is
#     placed in the first 4GB address space. The Java Heap base address is the
#     maximum limit for the native heap growth. Please use -XX:HeapBaseMinAddress
#     to set the Java Heap base and to place the Java Heap above 4GB virtual address.
# This output file may be truncated or incomplete.
#
#  Out of Memory Error (arena.cpp:78), pid=8440, tid=8760
#
# JRE version: Java(TM) SE Runtime Environment (17.0.12+8) (build 17.0.12+8-LTS-286)
# Java VM: Java HotSpot(TM) 64-Bit Server VM (17.0.12+8-LTS-286, mixed mode, sharing, tiered, compressed oops, compressed class ptrs, g1 gc, windows-amd64)
# No core dump will be written. Minidumps are not enabled by default on client versions of Windows
#

---------------  S U M M A R Y ------------

Command Line: C:\Users\Davic\AppData\Local\Temp\surefire9681924092168160714\surefirebooter-20260628122137147_3.jar C:\Users\Davic\AppData\Local\Temp\surefire9681924092168160714 2026-06-28T12-21-36_390-jvmRun1 surefire-20260628122137147_1tmp surefire_0-20260628122137147_2tmp

Host: Intel(R) Core(TM) i3-4160 CPU @ 3.60GHz, 4 cores, 5G,  Windows 10 , 64 bit Build 19041 (10.0.19041.5915)
Time: Sun Jun 28 12:21:46 2026 Hora est嫕dar de Argentina elapsed time: 7.902795 seconds (0d 0h 0m 7s)

---------------  T H R E A D  ---------------

Current thread (0x00000214a8b4da60):  JavaThread "C2 CompilerThread0" daemon [_thread_in_native, id=8760, stack(0x00000027b3600000,0x00000027b3700000)]


Current CompileTask:
C2:   7930 1321       4       jdk.internal.org.objectweb.asm.Frame::execute (2305 bytes)

Stack: [0x00000027b3600000,0x00000027b3700000]
Native frames: (J=compiled Java code, j=interpreted, Vv=VM code, C=native code)
V  [jvm.dll+0x67a04a]
V  [jvm.dll+0x7da4ed]
V  [jvm.dll+0x7dbe33]
V  [jvm.dll+0x7dc4a3]
V  [jvm.dll+0x24508f]
V  [jvm.dll+0xab9a4]
V  [jvm.dll+0xabd3c]
V  [jvm.dll+0x36725f]
V  [jvm.dll+0x366a21]
V  [jvm.dll+0x366a64]
V  [jvm.dll+0x5632b5]
V  [jvm.dll+0x563a7b]
V  [jvm.dll+0x32c460]
V  [jvm.dll+0x32b8ca]
V  [jvm.dll+0x21683f]
V  [jvm.dll+0x215c6f]
V  [jvm.dll+0x1a2960]
V  [jvm.dll+0x22610b]
V  [jvm.dll+0x2242ab]
V  [jvm.dll+0x79075c]
V  [jvm.dll+0x78abea]
V  [jvm.dll+0x678f35]
C  [ucrtbase.dll+0x21bb2]
C  [KERNEL32.DLL+0x17374]
C  [ntdll.dll+0x4cc91]


---------------  P R O C E S S  ---------------

Threads class SMR info:
_java_thread_list=0x00000214eef37a30, length=13, elements={
0x000002148c636330, 0x00000214a8b2c810, 0x00000214a8b2d5a0, 0x00000214a8b42dc0,
0x00000214a8b467b0, 0x00000214a8b47080, 0x00000214a8b49960, 0x00000214a8b4da60,
0x00000214a8b56840, 0x00000214a8b59960, 0x00000214ee083d70, 0x00000214ee088af0,
0x00000214ef722630
}

Java Threads: ( => current thread )
  0x000002148c636330 JavaThread "main" [_thread_blocked, id=9508, stack(0x00000027b2900000,0x00000027b2a00000)]
  0x00000214a8b2c810 JavaThread "Reference Handler" daemon [_thread_blocked, id=8244, stack(0x00000027b3000000,0x00000027b3100000)]
  0x00000214a8b2d5a0 JavaThread "Finalizer" daemon [_thread_blocked, id=10496, stack(0x00000027b3100000,0x00000027b3200000)]
  0x00000214a8b42dc0 JavaThread "Signal Dispatcher" daemon [_thread_blocked, id=7000, stack(0x00000027b3200000,0x00000027b3300000)]
  0x00000214a8b467b0 JavaThread "Attach Listener" daemon [_thread_blocked, id=4692, stack(0x00000027b3300000,0x00000027b3400000)]
  0x00000214a8b47080 JavaThread "Service Thread" daemon [_thread_blocked, id=7772, stack(0x00000027b3400000,0x00000027b3500000)]
  0x00000214a8b49960 JavaThread "Monitor Deflation Thread" daemon [_thread_blocked, id=4760, stack(0x00000027b3500000,0x00000027b3600000)]
=>0x00000214a8b4da60 JavaThread "C2 CompilerThread0" daemon [_thread_in_native, id=8760, stack(0x00000027b3600000,0x00000027b3700000)]
  0x00000214a8b56840 JavaThread "C1 CompilerThread0" daemon [_thread_in_native, id=5328, stack(0x00000027b3700000,0x00000027b3800000)]
  0x00000214a8b59960 JavaThread "Sweeper thread" daemon [_thread_blocked, id=11144, stack(0x00000027b3800000,0x00000027b3900000)]
  0x00000214ee083d70 JavaThread "Notification Thread" daemon [_thread_blocked, id=9072, stack(0x00000027b3900000,0x00000027b3a00000)]
  0x00000214ee088af0 JavaThread "Common-Cleaner" daemon [_thread_blocked, id=4720, stack(0x00000027b3b00000,0x00000027b3c00000)]
  0x00000214ef722630 JavaThread "surefire-forkedjvm-last-ditch-daemon-shutdown-thread-30s" daemon [_thread_blocked, id=7060, stack(0x00000027b4100000,0x00000027b4200000)]

Other Threads:
  0x00000214a8b24cd0 VMThread "VM Thread" [stack: 0x00000027b2f00000,0x00000027b3000000] [id=10872]
  0x00000214ee087290 WatcherThread [stack: 0x00000027b3a00000,0x00000027b3b00000] [id=9348]
  0x000002148c680440 GCTaskThread "GC Thread#0" [stack: 0x00000027b2a00000,0x00000027b2b00000] [id=7156]
  0x00000214ee76d4f0 GCTaskThread "GC Thread#1" [stack: 0x00000027b3e00000,0x00000027b3f00000] [id=1116]
  0x00000214ee76c730 GCTaskThread "GC Thread#2" [stack: 0x00000027b3f00000,0x00000027b4000000] [id=1572]
  0x00000214ee76c9f0 GCTaskThread "GC Thread#3" [stack: 0x00000027b4000000,0x00000027b4100000] [id=10632]
  0x000002148c68deb0 ConcurrentGCThread "G1 Main Marker" [stack: 0x00000027b2b00000,0x00000027b2c00000] [id=9560]
  0x000002148c68ef70 ConcurrentGCThread "G1 Conc#0" [stack: 0x00000027b2c00000,0x00000027b2d00000] [id=7564]
  0x000002148c6f25c0 ConcurrentGCThread "G1 Refine#0" [stack: 0x00000027b2d00000,0x00000027b2e00000] [id=8908]
  0x000002148c6f2f00 ConcurrentGCThread "G1 Service" [stack: 0x00000027b2e00000,0x00000027b2f00000] [id=7388]

Threads with active compile tasks:
C2 CompilerThread0     8797 1321       4       jdk.internal.org.objectweb.asm.Frame::execute (2305 bytes)
C1 CompilerThread0     8797 1461       3       java.lang.ClassLoader::definePackage (85 bytes)

VM state: not at safepoint (normal execution)

VM Mutex/Monitor currently owned by a thread: None

OutOfMemory and StackOverflow Exception counts:
OutOfMemoryError java_heap_errors=2
LinkageErrors=49

Heap address: 0x00000000a2000000, size: 1504 MB, Compressed Oops mode: 32-bit

CDS archive(s) mapped at: [0x00000214a9000000-0x00000214a9bd0000-0x00000214a9bd0000), size 12386304, SharedBaseAddress: 0x00000214a9000000, ArchiveRelocationMode: 1.
Compressed class space mapped at: 0x00000214aa000000-0x00000214ea000000, reserved size: 1073741824
Narrow klass base: 0x00000214a9000000, Narrow klass shift: 0, Narrow klass range: 0x100000000

GC Precious Log:
 CPUs: 4 total, 4 available
 Memory: 6013M
 Large Page Support: Disabled
 NUMA Support: Disabled
 Compressed Oops: Enabled (32-bit)
 Heap Region Size: 1M
 Heap Min Capacity: 8M
 Heap Initial Capacity: 94M
 Heap Max Capacity: 1504M
 Pre-touch: Disabled
 Parallel Workers: 4
 Concurrent Workers: 1
 Concurrent Refinement Workers: 4
 Periodic GC: Disabled

Heap:
 garbage-first heap   total 96256K, used 17900K [0x00000000a2000000, 0x0000000100000000)
  region size 1024K, 12 young (12288K), 2 survivors (2048K)
 Metaspace       used 6981K, committed 7232K, reserved 1114112K
  class space    used 894K, committed 1024K, reserved 1048576K

Heap Regions: E=young(eden), S=young(survivor), O=old, HS=humongous(starts), HC=humongous(continues), CS=collection set, F=free, OA=open archive, CA=closed archive, TAMS=top-at-mark-start (previous, next)
|   0|0x00000000a2000000, 0x00000000a2100000, 0x00000000a2100000|100%|HS|  |TAMS 0x00000000a2000000, 0x00000000a2000000| Complete 
|   1|0x00000000a2100000, 0x00000000a2200000, 0x00000000a2200000|100%|HS|  |TAMS 0x00000000a2100000, 0x00000000a2100000| Complete 
|   2|0x00000000a2200000, 0x00000000a2300000, 0x00000000a2300000|100%| O|  |TAMS 0x00000000a2200000, 0x00000000a2200000| Untracked 
|   3|0x00000000a2300000, 0x00000000a2400000, 0x00000000a2400000|100%| O|  |TAMS 0x00000000a2300000, 0x00000000a2300000| Untracked 
|   4|0x00000000a2400000, 0x00000000a2500000, 0x00000000a2500000|100%| O|  |TAMS 0x00000000a2400000, 0x00000000a2400000| Untracked 
|   5|0x00000000a2500000, 0x00000000a2600000, 0x00000000a2600000|100%| O|  |TAMS 0x00000000a2500000, 0x00000000a2500000| Untracked 
|   6|0x00000000a2600000, 0x00000000a2700000, 0x00000000a2700000|100%| O|  |TAMS 0x00000000a2600000, 0x00000000a2600000| Untracked 
|   7|0x00000000a2700000, 0x00000000a2765a00, 0x00000000a2800000| 39%| O|  |TAMS 0x00000000a2700000, 0x00000000a2700000| Untracked 
|   8|0x00000000a2800000, 0x00000000a2800000, 0x00000000a2900000|  0%| F|  |TAMS 0x00000000a2800000, 0x00000000a2800000| Untracked 
|   9|0x00000000a2900000, 0x00000000a2900000, 0x00000000a2a00000|  0%| F|  |TAMS 0x00000000a2900000, 0x00000000a2900000| Untracked 
|  10|0x00000000a2a00000, 0x00000000a2a00000, 0x00000000a2b00000|  0%| F|  |TAMS 0x00000000a2a00000, 0x00000000a2a00000| Untracked 
|  11|0x00000000a2b00000, 0x00000000a2b00000, 0x00000000a2c00000|  0%| F|  |TAMS 0x00000000a2b00000, 0x00000000a2b00000| Untracked 
|  12|0x00000000a2c00000, 0x00000000a2c00000, 0x00000000a2d00000|  0%| F|  |TAMS 0x00000000a2c00000, 0x00000000a2c00000| Untracked 
|  13|0x00000000a2d00000, 0x00000000a2d00000, 0x00000000a2e00000|  0%| F|  |TAMS 0x00000000a2d00000, 0x00000000a2d00000| Untracked 
|  14|0x00000000a2e00000, 0x00000000a2e00000, 0x00000000a2f00000|  0%| F|  |TAMS 0x00000000a2e00000, 0x00000000a2e00000| Untracked 
|  15|0x00000000a2f00000, 0x00000000a2f00000, 0x00000000a3000000|  0%| F|  |TAMS 0x00000000a2f00000, 0x00000000a2f00000| Untracked 
|  16|0x00000000a3000000, 0x00000000a3000000, 0x00000000a3100000|  0%| F|  |TAMS 0x00000000a3000000, 0x00000000a3000000| Untracked 
|  17|0x00000000a3100000, 0x00000000a3100000, 0x00000000a3200000|  0%| F|  |TAMS 0x00000000a3100000, 0x00000000a3100000| Untracked 
|  18|0x00000000a3200000, 0x00000000a3200000, 0x00000000a3300000|  0%| F|  |TAMS 0x00000000a3200000, 0x00000000a3200000| Untracked 
|  19|0x00000000a3300000, 0x00000000a3300000, 0x00000000a3400000|  0%| F|  |TAMS 0x00000000a3300000, 0x00000000a3300000| Untracked 
|  20|0x00000000a3400000, 0x00000000a3400000, 0x00000000a3500000|  0%| F|  |TAMS 0x00000000a3400000, 0x00000000a3400000| Untracked 
|  21|0x00000000a3500000, 0x00000000a3500000, 0x00000000a3600000|  0%| F|  |TAMS 0x00000000a3500000, 0x00000000a3500000| Untracked 
|  22|0x00000000a3600000, 0x00000000a3600000, 0x00000000a3700000|  0%| F|  |TAMS 0x00000000a3600000, 0x00000000a3600000| Untracked 
|  23|0x00000000a3700000, 0x00000000a3700000, 0x00000000a3800000|  0%| F|  |TAMS 0x00000000a3700000, 0x00000000a3700000| Untracked 
|  24|0x00000000a3800000, 0x00000000a3800000, 0x00000000a3900000|  0%| F|  |TAMS 0x00000000a3800000, 0x00000000a3800000| Untracked 
|  25|0x00000000a3900000, 0x00000000a3900000, 0x00000000a3a00000|  0%| F|  |TAMS 0x00000000a3900000, 0x00000000a3900000| Untracked 
|  26|0x00000000a3a00000, 0x00000000a3a00000, 0x00000000a3b00000|  0%| F|  |TAMS 0x00000000a3a00000, 0x00000000a3a00000| Untracked 
|  27|0x00000000a3b00000, 0x00000000a3b00000, 0x00000000a3c00000|  0%| F|  |TAMS 0x00000000a3b00000, 0x00000000a3b00000| Untracked 
|  28|0x00000000a3c00000, 0x00000000a3c00000, 0x00000000a3d00000|  0%| F|  |TAMS 0x00000000a3c00000, 0x00000000a3c00000| Untracked 
|  29|0x00000000a3d00000, 0x00000000a3d00000, 0x00000000a3e00000|  0%| F|  |TAMS 0x00000000a3d00000, 0x00000000a3d00000| Untracked 
|  30|0x00000000a3e00000, 0x00000000a3e00000, 0x00000000a3f00000|  0%| F|  |TAMS 0x00000000a3e00000, 0x00000000a3e00000| Untracked 
|  31|0x00000000a3f00000, 0x00000000a3f00000, 0x00000000a4000000|  0%| F|  |TAMS 0x00000000a3f00000, 0x00000000a3f00000| Untracked 
|  32|0x00000000a4000000, 0x00000000a4000000, 0x00000000a4100000|  0%| F|  |TAMS 0x00000000a4000000, 0x00000000a4000000| Untracked 
|  33|0x00000000a4100000, 0x00000000a4100000, 0x00000000a4200000|  0%| F|  |TAMS 0x00000000a4100000, 0x00000000a4100000| Untracked 
|  34|0x00000000a4200000, 0x00000000a4200000, 0x00000000a4300000|  0%| F|  |TAMS 0x00000000a4200000, 0x00000000a4200000| Untracked 
|  35|0x00000000a4300000, 0x00000000a4300000, 0x00000000a4400000|  0%| F|  |TAMS 0x00000000a4300000, 0x00000000a4300000| Untracked 
|  36|0x00000000a4400000, 0x00000000a4400000, 0x00000000a4500000|  0%| F|  |TAMS 0x00000000a4400000, 0x00000000a4400000| Untracked 
|  37|0x00000000a4500000, 0x00000000a4500000, 0x00000000a4600000|  0%| F|  |TAMS 0x00000000a4500000, 0x00000000a4500000| Untracked 
|  38|0x00000000a4600000, 0x00000000a4600000, 0x00000000a4700000|  0%| F|  |TAMS 0x00000000a4600000, 0x00000000a4600000| Untracked 
|  39|0x00000000a4700000, 0x00000000a4700000, 0x00000000a4800000|  0%| F|  |TAMS 0x00000000a4700000, 0x00000000a4700000| Untracked 
|  40|0x00000000a4800000, 0x00000000a4800000, 0x00000000a4900000|  0%| F|  |TAMS 0x00000000a4800000, 0x00000000a4800000| Untracked 
|  41|0x00000000a4900000, 0x00000000a4900000, 0x00000000a4a00000|  0%| F|  |TAMS 0x00000000a4900000, 0x00000000a4900000| Untracked 
|  42|0x00000000a4a00000, 0x00000000a4a00000, 0x00000000a4b00000|  0%| F|  |TAMS 0x00000000a4a00000, 0x00000000a4a00000| Untracked 
|  43|0x00000000a4b00000, 0x00000000a4b00000, 0x00000000a4c00000|  0%| F|  |TAMS 0x00000000a4b00000, 0x00000000a4b00000| Untracked 
|  44|0x00000000a4c00000, 0x00000000a4c00000, 0x00000000a4d00000|  0%| F|  |TAMS 0x00000000a4c00000, 0x00000000a4c00000| Untracked 
|  45|0x00000000a4d00000, 0x00000000a4d00000, 0x00000000a4e00000|  0%| F|  |TAMS 0x00000000a4d00000, 0x00000000a4d00000| Untracked 
|  46|0x00000000a4e00000, 0x00000000a4e00000, 0x00000000a4f00000|  0%| F|  |TAMS 0x00000000a4e00000, 0x00000000a4e00000| Untracked 
|  47|0x00000000a4f00000, 0x00000000a4f00000, 0x00000000a5000000|  0%| F|  |TAMS 0x00000000a4f00000, 0x00000000a4f00000| Untracked 
|  48|0x00000000a5000000, 0x00000000a5000000, 0x00000000a5100000|  0%| F|  |TAMS 0x00000000a5000000, 0x00000000a5000000| Untracked 
|  49|0x00000000a5100000, 0x00000000a5100000, 0x00000000a5200000|  0%| F|  |TAMS 0x00000000a5100000, 0x00000000a5100000| Untracked 
|  50|0x00000000a5200000, 0x00000000a5200000, 0x00000000a5300000|  0%| F|  |TAMS 0x00000000a5200000, 0x00000000a5200000| Untracked 
|  51|0x00000000a5300000, 0x00000000a5300000, 0x00000000a5400000|  0%| F|  |TAMS 0x00000000a5300000, 0x00000000a5300000| Untracked 
|  52|0x00000000a5400000, 0x00000000a5400000, 0x00000000a5500000|  0%| F|  |TAMS 0x00000000a5400000, 0x00000000a5400000| Untracked 
|  53|0x00000000a5500000, 0x00000000a5500000, 0x00000000a5600000|  0%| F|  |TAMS 0x00000000a5500000, 0x00000000a5500000| Untracked 
|  54|0x00000000a5600000, 0x00000000a5600000, 0x00000000a5700000|  0%| F|  |TAMS 0x00000000a5600000, 0x00000000a5600000| Untracked 
|  55|0x00000000a5700000, 0x00000000a5700000, 0x00000000a5800000|  0%| F|  |TAMS 0x00000000a5700000, 0x00000000a5700000| Untracked 
|  56|0x00000000a5800000, 0x00000000a5800000, 0x00000000a5900000|  0%| F|  |TAMS 0x00000000a5800000, 0x00000000a5800000| Untracked 
|  57|0x00000000a5900000, 0x00000000a5900000, 0x00000000a5a00000|  0%| F|  |TAMS 0x00000000a5900000, 0x00000000a5900000| Untracked 
|  58|0x00000000a5a00000, 0x00000000a5a00000, 0x00000000a5b00000|  0%| F|  |TAMS 0x00000000a5a00000, 0x00000000a5a00000| Untracked 
|  59|0x00000000a5b00000, 0x00000000a5b00000, 0x00000000a5c00000|  0%| F|  |TAMS 0x00000000a5b00000, 0x00000000a5b00000| Untracked 
|  60|0x00000000a5c00000, 0x00000000a5c00000, 0x00000000a5d00000|  0%| F|  |TAMS 0x00000000a5c00000, 0x00000000a5c00000| Untracked 
|  61|0x00000000a5d00000, 0x00000000a5d00000, 0x00000000a5e00000|  0%| F|  |TAMS 0x00000000a5d00000, 0x00000000a5d00000| Untracked 
|  62|0x00000000a5e00000, 0x00000000a5e00000, 0x00000000a5f00000|  0%| F|  |TAMS 0x00000000a5e00000, 0x00000000a5e00000| Untracked 
|  63|0x00000000a5f00000, 0x00000000a5f00000, 0x00000000a6000000|  0%| F|  |TAMS 0x00000000a5f00000, 0x00000000a5f00000| Untracked 
|  64|0x00000000a6000000, 0x00000000a6000000, 0x00000000a6100000|  0%| F|  |TAMS 0x00000000a6000000, 0x00000000a6000000| Untracked 
|  65|0x00000000a6100000, 0x00000000a6100000, 0x00000000a6200000|  0%| F|  |TAMS 0x00000000a6100000, 0x00000000a6100000| Untracked 
|  66|0x00000000a6200000, 0x00000000a6200000, 0x00000000a6300000|  0%| F|  |TAMS 0x00000000a6200000, 0x00000000a6200000| Untracked 
|  67|0x00000000a6300000, 0x00000000a6300000, 0x00000000a6400000|  0%| F|  |TAMS 0x00000000a6300000, 0x00000000a6300000| Untracked 
|  68|0x00000000a6400000, 0x00000000a6400000, 0x00000000a6500000|  0%| F|  |TAMS 0x00000000a6400000, 0x00000000a6400000| Untracked 
|  69|0x00000000a6500000, 0x00000000a6500000, 0x00000000a6600000|  0%| F|  |TAMS 0x00000000a6500000, 0x00000000a6500000| Untracked 
|  70|0x00000000a6600000, 0x00000000a6600000, 0x00000000a6700000|  0%| F|  |TAMS 0x00000000a6600000, 0x00000000a6600000| Untracked 
|  71|0x00000000a6700000, 0x00000000a6700000, 0x00000000a6800000|  0%| F|  |TAMS 0x00000000a6700000, 0x00000000a6700000| Untracked 
|  72|0x00000000a6800000, 0x00000000a6800000, 0x00000000a6900000|  0%| F|  |TAMS 0x00000000a6800000, 0x00000000a6800000| Untracked 
|  73|0x00000000a6900000, 0x00000000a6900000, 0x00000000a6a00000|  0%| F|  |TAMS 0x00000000a6900000, 0x00000000a6900000| Untracked 
|  74|0x00000000a6a00000, 0x00000000a6a00000, 0x00000000a6b00000|  0%| F|  |TAMS 0x00000000a6a00000, 0x00000000a6a00000| Untracked 
|  75|0x00000000a6b00000, 0x00000000a6b00000, 0x00000000a6c00000|  0%| F|  |TAMS 0x00000000a6b00000, 0x00000000a6b00000| Untracked 
|  76|0x00000000a6c00000, 0x00000000a6c00000, 0x00000000a6d00000|  0%| F|  |TAMS 0x00000000a6c00000, 0x00000000a6c00000| Untracked 
|  77|0x00000000a6d00000, 0x00000000a6d00000, 0x00000000a6e00000|  0%| F|  |TAMS 0x00000000a6d00000, 0x00000000a6d00000| Untracked 
|  78|0x00000000a6e00000, 0x00000000a6e00000, 0x00000000a6f00000|  0%| F|  |TAMS 0x00000000a6e00000, 0x00000000a6e00000| Untracked 
|  79|0x00000000a6f00000, 0x00000000a6f00000, 0x00000000a7000000|  0%| F|  |TAMS 0x00000000a6f00000, 0x00000000a6f00000| Untracked 
|  80|0x00000000a7000000, 0x00000000a7000000, 0x00000000a7100000|  0%| F|  |TAMS 0x00000000a7000000, 0x00000000a7000000| Untracked 
|  81|0x00000000a7100000, 0x00000000a7100000, 0x00000000a7200000|  0%| F|  |TAMS 0x00000000a7100000, 0x00000000a7100000| Untracked 
|  82|0x00000000a7200000, 0x00000000a7215730, 0x00000000a7300000|  8%| S|CS|TAMS 0x00000000a7200000, 0x00000000a7200000| Complete 
|  83|0x00000000a7300000, 0x00000000a7400000, 0x00000000a7400000|100%| S|CS|TAMS 0x00000000a7300000, 0x00000000a7300000| Complete 
|  84|0x00000000a7400000, 0x00000000a748fe90, 0x00000000a7500000| 56%| E|  |TAMS 0x00000000a7400000, 0x00000000a7400000| Complete 
|  85|0x00000000a7500000, 0x00000000a7600000, 0x00000000a7600000|100%| E|CS|TAMS 0x00000000a7500000, 0x00000000a7500000| Complete 
|  86|0x00000000a7600000, 0x00000000a7700000, 0x00000000a7700000|100%| E|CS|TAMS 0x00000000a7600000, 0x00000000a7600000| Complete 
|  87|0x00000000a7700000, 0x00000000a7800000, 0x00000000a7800000|100%| E|CS|TAMS 0x00000000a7700000, 0x00000000a7700000| Complete 
|  88|0x00000000a7800000, 0x00000000a7900000, 0x00000000a7900000|100%| E|CS|TAMS 0x00000000a7800000, 0x00000000a7800000| Complete 
|  89|0x00000000a7900000, 0x00000000a7a00000, 0x00000000a7a00000|100%| E|CS|TAMS 0x00000000a7900000, 0x00000000a7900000| Complete 
|  90|0x00000000a7a00000, 0x00000000a7b00000, 0x00000000a7b00000|100%| E|CS|TAMS 0x00000000a7a00000, 0x00000000a7a00000| Complete 
|  91|0x00000000a7b00000, 0x00000000a7c00000, 0x00000000a7c00000|100%| E|CS|TAMS 0x00000000a7b00000, 0x00000000a7b00000| Complete 
|  92|0x00000000a7c00000, 0x00000000a7d00000, 0x00000000a7d00000|100%| E|CS|TAMS 0x00000000a7c00000, 0x00000000a7c00000| Complete 
|  93|0x00000000a7d00000, 0x00000000a7e00000, 0x00000000a7e00000|100%| E|CS|TAMS 0x00000000a7d00000, 0x00000000a7d00000| Complete 

Card table byte_map: [0x00000214a31f0000,0x00000214a34e0000] _byte_map_base: 0x00000214a2ce0000

Marking Bits (Prev, Next): (CMBitMap*) 0x000002148c680970, (CMBitMap*) 0x000002148c6809b0
 Prev Bits: [0x00000214a37d0000, 0x00000214a4f50000)
 Next Bits: [0x00000214a4f50000, 0x00000214a66d0000)

Polling page: 0x000002148a3a0000

Metaspace:

Usage:
  Non-class:      5.94 MB used.
      Class:    894.82 KB used.
       Both:      6.82 MB used.

Virtual space:
  Non-class space:       64.00 MB reserved,       6.06 MB (  9%) committed,  1 nodes.
      Class space:        1.00 GB reserved,       1.00 MB ( <1%) committed,  1 nodes.
             Both:        1.06 GB reserved,       7.06 MB ( <1%) committed. 

Chunk freelists:
   Non-Class:  9.25 MB
       Class:  14.86 MB
        Both:  24.11 MB

MaxMetaspaceSize: unlimited
CompressedClassSpaceSize: 1.00 GB
Initial GC threshold: 21.00 MB
Current GC threshold: 21.00 MB
CDS: on
MetaspaceReclaimPolicy: balanced
 - commit_granule_bytes: 65536.
 - commit_granule_words: 8192.
 - virtual_space_node_default_size: 8388608.
 - enlarge_chunks_in_place: 1.
 - new_chunks_are_fully_committed: 0.
 - uncommit_free_chunks: 1.
 - use_allocation_guard: 0.
 - handle_deallocations: 1.


Internal statistics:

num_allocs_failed_limit: 0.
num_arena_births: 198.
num_arena_deaths: 0.
num_vsnodes_births: 2.
num_vsnodes_deaths: 0.
num_space_committed: 113.
num_space_uncommitted: 0.
num_chunks_returned_to_freelist: 0.
num_chunks_taken_from_freelist: 428.
num_chunk_merges: 0.
num_chunk_splits: 232.
num_chunks_enlarged: 139.
num_inconsistent_stats: 0.

CodeHeap 'non-profiled nmethods': size=120000Kb used=522Kb max_used=522Kb free=119477Kb
 bounds [0x000002149b9d0000, 0x000002149bc40000, 0x00000214a2f00000]
CodeHeap 'profiled nmethods': size=120000Kb used=2789Kb max_used=2789Kb free=117210Kb
 bounds [0x0000021493f00000, 0x00000214941c0000, 0x000002149b430000]
CodeHeap 'non-nmethods': size=5760Kb used=1158Kb max_used=1159Kb free=4601Kb
 bounds [0x000002149b430000, 0x000002149b6a0000, 0x000002149b9d0000]
 total_blobs=1906 nmethods=1456 adapters=363
 compilation: enabled
              stopped_count=0, restarted_count=0
 full_count=0

Compilation events (20 events):
Event: 7.590 Thread 0x00000214a8b56840 nmethod 1451 0x00000214941a9410 code [0x00000214941a95e0, 0x00000214941a9b78]
Event: 7.590 Thread 0x00000214a8b56840 1452       3       java.security.SecureClassLoader::defineClass (16 bytes)
Event: 7.590 Thread 0x00000214a8b56840 nmethod 1452 0x00000214941a9c90 code [0x00000214941a9e40, 0x00000214941a9fd8]
Event: 7.590 Thread 0x00000214a8b56840 1453       3       sun.net.www.ParseUtil::match (50 bytes)
Event: 7.591 Thread 0x00000214a8b56840 nmethod 1453 0x00000214941aa090 code [0x00000214941aa240, 0x00000214941aa4d8]
Event: 7.591 Thread 0x00000214a8b56840 1454       3       java.lang.invoke.InfoFromMemberName::getMethodType (8 bytes)
Event: 7.591 Thread 0x00000214a8b56840 nmethod 1454 0x00000214941aa590 code [0x00000214941aa740, 0x00000214941aa888]
Event: 7.591 Thread 0x00000214a8b56840 1456       3       java.lang.invoke.InnerClassLambdaMetafactory::<init> (258 bytes)
Event: 7.593 Thread 0x00000214a8b56840 nmethod 1456 0x00000214941aa990 code [0x00000214941aada0, 0x00000214941accd8]
Event: 7.593 Thread 0x00000214a8b56840 1457   !   3       java.lang.invoke.AbstractValidatingLambdaMetafactory::<init> (559 bytes)
Event: 7.599 Thread 0x00000214a8b56840 nmethod 1457 0x00000214941ad790 code [0x00000214941ae120, 0x00000214941b4008]
Event: 7.599 Thread 0x00000214a8b56840 1458   !   3       java.lang.invoke.MethodHandles$Lookup::revealDirect (196 bytes)
Event: 7.601 Thread 0x00000214a8b56840 nmethod 1458 0x00000214941b5e90 code [0x00000214941b61e0, 0x00000214941b75a8]
Event: 7.601 Thread 0x00000214a8b56840 1459       3       java.lang.invoke.InfoFromMemberName::<init> (72 bytes)
Event: 7.602 Thread 0x00000214a8b56840 nmethod 1459 0x00000214941b7c90 code [0x00000214941b7e40, 0x00000214941b8018]
Event: 7.602 Thread 0x00000214a8b56840 1460       3       java.lang.invoke.InnerClassLambdaMetafactory::lambdaClassName (57 bytes)
Event: 7.602 Thread 0x00000214a8b56840 nmethod 1460 0x00000214941b8110 code [0x00000214941b83a0, 0x00000214941b8bc8]
Event: 7.602 Thread 0x00000214a8b56840 1455       3       java.lang.invoke.LambdaForm$DMH/0x00000214aa037000::invokeStatic (31 bytes)
Event: 7.603 Thread 0x00000214a8b56840 nmethod 1455 0x00000214941b8f10 code [0x00000214941b90e0, 0x00000214941b9558]
Event: 7.605 Thread 0x00000214a8b56840 1461       3       java.lang.ClassLoader::definePackage (85 bytes)

GC Heap History (4 events):
Event: 1.687 GC heap before
{Heap before GC invocations=0 (full 0):
 garbage-first heap   total 96256K, used 14336K [0x00000000a2000000, 0x0000000100000000)
  region size 1024K, 13 young (13312K), 0 survivors (0K)
 Metaspace       used 2763K, committed 2944K, reserved 1114112K
  class space    used 281K, committed 384K, reserved 1048576K
}
Event: 1.693 GC heap after
{Heap after GC invocations=1 (full 0):
 garbage-first heap   total 96256K, used 7634K [0x00000000a2000000, 0x0000000100000000)
  region size 1024K, 2 young (2048K), 2 survivors (2048K)
 Metaspace       used 2763K, committed 2944K, reserved 1114112K
  class space    used 281K, committed 384K, reserved 1048576K
}
Event: 7.212 GC heap before
{Heap before GC invocations=1 (full 0):
 garbage-first heap   total 96256K, used 17874K [0x00000000a2000000, 0x0000000100000000)
  region size 1024K, 12 young (12288K), 2 survivors (2048K)
 Metaspace       used 5302K, committed 5504K, reserved 1114112K
  class space    used 605K, committed 704K, reserved 1048576K
}
Event: 7.216 GC heap after
{Heap after GC invocations=2 (full 0):
 garbage-first heap   total 96256K, used 8684K [0x00000000a2000000, 0x0000000100000000)
  region size 1024K, 2 young (2048K), 2 survivors (2048K)
 Metaspace       used 5302K, committed 5504K, reserved 1114112K
  class space    used 605K, committed 704K, reserved 1048576K
}

Deoptimization events (20 events):
Event: 4.605 Thread 0x000002148c636330 DEOPT PACKING pc=0x000002149ba0ca40 sp=0x00000027b29fde50
Event: 4.605 Thread 0x000002148c636330 DEOPT UNPACKING pc=0x000002149b4823a3 sp=0x00000027b29fde28 mode 2
Event: 5.253 Thread 0x000002148c636330 DEOPT PACKING pc=0x0000021493f75d3e sp=0x00000027b29fd9e0
Event: 5.253 Thread 0x000002148c636330 DEOPT UNPACKING pc=0x000002149b482b43 sp=0x00000027b29fce58 mode 0
Event: 5.259 Thread 0x000002148c636330 DEOPT PACKING pc=0x0000021493f5afd4 sp=0x00000027b29fd0c0
Event: 5.259 Thread 0x000002148c636330 DEOPT UNPACKING pc=0x000002149b482b43 sp=0x00000027b29fc580 mode 0
Event: 7.276 Thread 0x000002148c636330 DEOPT PACKING pc=0x0000021493fb3a08 sp=0x00000027b29fc4d0
Event: 7.276 Thread 0x000002148c636330 DEOPT UNPACKING pc=0x000002149b482b43 sp=0x00000027b29fb9e8 mode 0
Event: 7.304 Thread 0x000002148c636330 Uncommon trap: trap_request=0xffffffde fr.pc=0x000002149ba317f8 relative=0x0000000000001358
Event: 7.304 Thread 0x000002148c636330 Uncommon trap: reason=class_check action=maybe_recompile pc=0x000002149ba317f8 method=java.util.HashMap.putVal(ILjava/lang/Object;Ljava/lang/Object;ZZ)Ljava/lang/Object; @ 91 c2
Event: 7.304 Thread 0x000002148c636330 DEOPT PACKING pc=0x000002149ba317f8 sp=0x00000027b29fd0c0
Event: 7.304 Thread 0x000002148c636330 DEOPT UNPACKING pc=0x000002149b4823a3 sp=0x00000027b29fd070 mode 2
Event: 7.304 Thread 0x000002148c636330 Uncommon trap: trap_request=0xffffffde fr.pc=0x000002149ba317f8 relative=0x0000000000001358
Event: 7.304 Thread 0x000002148c636330 Uncommon trap: reason=class_check action=maybe_recompile pc=0x000002149ba317f8 method=java.util.HashMap.putVal(ILjava/lang/Object;Ljava/lang/Object;ZZ)Ljava/lang/Object; @ 91 c2
Event: 7.304 Thread 0x000002148c636330 DEOPT PACKING pc=0x000002149ba317f8 sp=0x00000027b29fd0c0
Event: 7.304 Thread 0x000002148c636330 DEOPT UNPACKING pc=0x000002149b4823a3 sp=0x00000027b29fd070 mode 2
Event: 7.335 Thread 0x000002148c636330 Uncommon trap: trap_request=0xffffff45 fr.pc=0x000002149ba40f84 relative=0x00000000000006c4
Event: 7.335 Thread 0x000002148c636330 Uncommon trap: reason=unstable_if action=reinterpret pc=0x000002149ba40f84 method=java.util.ArrayList.grow(I)[Ljava/lang/Object; @ 17 c2
Event: 7.335 Thread 0x000002148c636330 DEOPT PACKING pc=0x000002149ba40f84 sp=0x00000027b29fdf90
Event: 7.335 Thread 0x000002148c636330 DEOPT UNPACKING pc=0x000002149b4823a3 sp=0x00000027b29fde28 mode 2

Classes unloaded (0 events):
No events

Classes redefined (0 events):
No events

Internal exceptions (20 events):
Event: 7.424 Thread 0x000002148c636330 Exception <a 'java/lang/NoSuchMethodError'{0x00000000a7be6fd0}: 'int java.lang.invoke.DirectMethodHandle$Holder.invokeStaticInit(java.lang.Object, int, int)'> (0x00000000a7be6fd0) 
thrown [s\open\src\hotspot\share\interpreter\linkResolver.cpp, line 759]
Event: 7.426 Thread 0x000002148c636330 Exception <a 'java/lang/NoSuchMethodError'{0x00000000a7bf19d0}: 'int java.lang.invoke.DirectMethodHandle$Holder.invokeStaticInit(java.lang.Object, long, long)'> (0x00000000a7bf19d0) 
thrown [s\open\src\hotspot\share\interpreter\linkResolver.cpp, line 759]
Event: 7.426 Thread 0x000002148c636330 Exception <a 'java/lang/NoSuchMethodError'{0x00000000a7bf8db8}: 'int java.lang.invoke.DirectMethodHandle$Holder.invokeStaticInit(java.lang.Object, float, float)'> (0x00000000a7bf8db8) 
thrown [s\open\src\hotspot\share\interpreter\linkResolver.cpp, line 759]
Event: 7.427 Thread 0x000002148c636330 Exception <a 'java/lang/NoSuchMethodError'{0x00000000a7a00118}: 'int java.lang.invoke.DirectMethodHandle$Holder.invokeStaticInit(java.lang.Object, double, double)'> (0x00000000a7a00118) 
thrown [s\open\src\hotspot\share\interpreter\linkResolver.cpp, line 759]
Event: 7.427 Thread 0x000002148c636330 Exception <a 'java/lang/NoSuchMethodError'{0x00000000a7a04c48}: 'int java.lang.invoke.DirectMethodHandle$Holder.invokeStatic(java.lang.Object, long)'> (0x00000000a7a04c48) 
thrown [s\open\src\hotspot\share\interpreter\linkResolver.cpp, line 759]
Event: 7.452 Thread 0x000002148c636330 Exception <a 'java/lang/NoSuchMethodError'{0x00000000a7a29368}: 'int java.lang.invoke.Invokers$Holder.linkToTargetMethod(java.lang.Object, java.lang.Object)'> (0x00000000a7a29368) 
thrown [s\open\src\hotspot\share\interpreter\linkResolver.cpp, line 759]
Event: 7.466 Thread 0x000002148c636330 Exception <a 'java/lang/NoSuchMethodError'{0x00000000a7a906e0}: 'void java.lang.invoke.DirectMethodHandle$Holder.invokeInterface(java.lang.Object, java.lang.Object, java.lang.Object, java.lang.Object, java.lang.Object)'> (0x00000000a7a906e0) 
thrown [s\open\src\hotspot\share\interpreter\linkResolver.cpp, line 759]
Event: 7.467 Thread 0x000002148c636330 Exception <a 'java/lang/IncompatibleClassChangeError'{0x00000000a7a94658}: Found class java.lang.Object, but interface was expected> (0x00000000a7a94658) 
thrown [s\open\src\hotspot\share\interpreter\linkResolver.cpp, line 826]
Event: 7.492 Thread 0x000002148c636330 Exception <a 'java/lang/IncompatibleClassChangeError'{0x00000000a7ae2e00}: Found class java.lang.Object, but interface was expected> (0x00000000a7ae2e00) 
thrown [s\open\src\hotspot\share\interpreter\linkResolver.cpp, line 826]
Event: 7.521 Thread 0x000002148c636330 Exception <a 'java/lang/IncompatibleClassChangeError'{0x00000000a799b3f8}: Found class java.lang.Object, but interface was expected> (0x00000000a799b3f8) 
thrown [s\open\src\hotspot\share\interpreter\linkResolver.cpp, line 826]
Event: 7.522 Thread 0x000002148c636330 Exception <a 'java/lang/NoSuchMethodError'{0x00000000a79a60f8}: 'void java.lang.invoke.DirectMethodHandle$Holder.invokeSpecial(java.lang.Object, java.lang.Object, java.lang.Object, java.lang.Object, java.lang.Object)'> (0x00000000a79a60f8) 
thrown [s\open\src\hotspot\share\interpreter\linkResolver.cpp, line 759]
Event: 7.524 Thread 0x000002148c636330 Exception <a 'java/lang/NoSuchMethodError'{0x00000000a79b4238}: 'void java.lang.invoke.DirectMethodHandle$Holder.invokeInterface(java.lang.Object, java.lang.Object)'> (0x00000000a79b4238) 
thrown [s\open\src\hotspot\share\interpreter\linkResolver.cpp, line 759]
Event: 7.525 Thread 0x000002148c636330 Exception <a 'java/lang/IncompatibleClassChangeError'{0x00000000a79b77c8}: Found class java.lang.Object, but interface was expected> (0x00000000a79b77c8) 
thrown [s\open\src\hotspot\share\interpreter\linkResolver.cpp, line 826]
Event: 7.551 Thread 0x000002148c636330 Exception <a 'java/lang/NoSuchMethodError'{0x00000000a7848668}: 'void java.lang.invoke.DirectMethodHandle$Holder.invokeInterface(java.lang.Object, java.lang.Object, java.lang.Object, java.lang.Object)'> (0x00000000a7848668) 
thrown [s\open\src\hotspot\share\interpreter\linkResolver.cpp, line 759]
Event: 7.551 Thread 0x000002148c636330 Exception <a 'java/lang/IncompatibleClassChangeError'{0x00000000a784bd98}: Found class java.lang.Object, but interface was expected> (0x00000000a784bd98) 
thrown [s\open\src\hotspot\share\interpreter\linkResolver.cpp, line 826]
Event: 7.560 Thread 0x000002148c636330 Exception <a 'java/lang/ClassNotFoundException'{0x00000000a787c840}: jdk/jfr/internal/handlers/EventHandler2737_1782660102724-8440> (0x00000000a787c840) 
thrown [s\open\src\hotspot\share\classfile\systemDictionary.cpp, line 256]
Event: 7.592 Thread 0x000002148c636330 Exception <a 'java/lang/NoSuchMethodError'{0x00000000a7710c28}: 'int java.lang.invoke.DirectMethodHandle$Holder.invokeStatic(java.lang.Object, java.lang.Object, java.lang.Object, java.lang.Object, java.lang.Object)'> (0x00000000a7710c28) 
thrown [s\open\src\hotspot\share\interpreter\linkResolver.cpp, line 759]
Event: 7.617 Thread 0x000002148c636330 Exception <a 'java/lang/OutOfMemoryError'{0x00000000a77cfe80}> (0x00000000a77cfe80) 
thrown [s\open\src\hotspot\share\prims\jni.cpp, line 535]
Event: 7.700 Thread 0x000002148c636330 Exception <a 'java/lang/OutOfMemoryError'{0x00000000a77cfe80}> (0x00000000a77cfe80) 
thrown [s\open\src\hotspot\share\oops\instanceKlass.cpp, line 1216]
Event: 7.703 Thread 0x000002148c636330 Exception <a 'java/lang/NoSuchMethodError'{0x00000000a77f2960}: 'void java.lang.invoke.DirectMethodHandle$Holder.invokeVirtual(java.lang.Object, java.lang.Object)'> (0x00000000a77f2960) 
thrown [s\open\src\hotspot\share\interpreter\linkResolver.cpp, line 759]

VM Operations (20 events):
Event: 1.698 Executing VM operation: HandshakeAllThreads
Event: 1.698 Executing VM operation: HandshakeAllThreads done
Event: 1.796 Executing VM operation: HandshakeAllThreads
Event: 1.796 Executing VM operation: HandshakeAllThreads done
Event: 1.796 Executing VM operation: HandshakeAllThreads
Event: 1.796 Executing VM operation: HandshakeAllThreads done
Event: 2.801 Executing VM operation: Cleanup
Event: 2.895 Executing VM operation: Cleanup done
Event: 3.899 Executing VM operation: Cleanup
Event: 3.946 Executing VM operation: Cleanup done
Event: 3.954 Executing VM operation: HandshakeAllThreads
Event: 3.954 Executing VM operation: HandshakeAllThreads done
Event: 4.958 Executing VM operation: Cleanup
Event: 4.959 Executing VM operation: Cleanup done
Event: 5.966 Executing VM operation: Cleanup
Event: 5.966 Executing VM operation: Cleanup done
Event: 7.212 Executing VM operation: G1CollectForAllocation
Event: 7.217 Executing VM operation: G1CollectForAllocation done
Event: 7.417 Executing VM operation: HandshakeAllThreads
Event: 7.417 Executing VM operation: HandshakeAllThreads done

Events (20 events):
Event: 7.593 loading class java/util/concurrent/locks/ReentrantReadWriteLock done
Event: 7.593 loading class java/util/concurrent/locks/ReentrantReadWriteLock$NonfairSync
Event: 7.593 loading class java/util/concurrent/locks/ReentrantReadWriteLock$Sync
Event: 7.593 loading class java/util/concurrent/locks/ReentrantReadWriteLock$Sync done
Event: 7.593 loading class java/util/concurrent/locks/ReentrantReadWriteLock$NonfairSync done
Event: 7.594 loading class java/util/concurrent/locks/ReentrantReadWriteLock$Sync$ThreadLocalHoldCounter
Event: 7.594 loading class java/util/concurrent/locks/ReentrantReadWriteLock$Sync$ThreadLocalHoldCounter done
Event: 7.594 loading class java/util/concurrent/locks/ReentrantReadWriteLock$ReadLock
Event: 7.594 loading class java/util/concurrent/locks/ReentrantReadWriteLock$ReadLock done
Event: 7.594 loading class java/util/concurrent/locks/ReentrantReadWriteLock$WriteLock
Event: 7.594 loading class java/util/concurrent/locks/ReentrantReadWriteLock$WriteLock done
Event: 7.607 loading class java/util/ArrayDeque$DeqSpliterator
Event: 7.607 loading class java/util/ArrayDeque$DeqSpliterator done
Event: 7.617 loading class java/lang/ExceptionInInitializerError
Event: 7.700 loading class java/lang/ExceptionInInitializerError done
Event: 7.700 loading class java/lang/StackTraceElement$HashedModules
Event: 7.700 loading class java/lang/StackTraceElement$HashedModules done
Event: 7.702 loading class java/util/regex/Pattern$BnM
Event: 7.702 loading class java/util/regex/Pattern$BnM done
Event: 7.703 loading class java/util/concurrent/ConcurrentHashMap$EntrySpliterator


Dynamic libraries:
0x00007ff691f10000 - 0x00007ff691f20000 	C:\Program Files\Java\jdk-17\bin\java.exe
0x00007ff89e690000 - 0x00007ff89e888000 	C:\Windows\SYSTEM32\ntdll.dll
0x00007ff89d4c0000 - 0x00007ff89d582000 	C:\Windows\System32\KERNEL32.DLL
0x00007ff89c1e0000 - 0x00007ff89c4d6000 	C:\Windows\System32\KERNELBASE.dll
0x00007ff89bf00000 - 0x00007ff89c000000 	C:\Windows\System32\ucrtbase.dll
0x00007ff8893c0000 - 0x00007ff8893db000 	C:\Program Files\Java\jdk-17\bin\VCRUNTIME140.dll
0x00007ff889300000 - 0x00007ff889319000 	C:\Program Files\Java\jdk-17\bin\jli.dll
0x00007ff89d590000 - 0x00007ff89d641000 	C:\Windows\System32\ADVAPI32.dll
0x00007ff89d910000 - 0x00007ff89d9ae000 	C:\Windows\System32\msvcrt.dll
0x00007ff89dd80000 - 0x00007ff89de1f000 	C:\Windows\System32\sechost.dll
0x00007ff89dee0000 - 0x00007ff89e000000 	C:\Windows\System32\RPCRT4.dll
0x00007ff89c680000 - 0x00007ff89c6a7000 	C:\Windows\System32\bcrypt.dll
0x00007ff89cb20000 - 0x00007ff89ccc1000 	C:\Windows\System32\USER32.dll
0x00007ff888c90000 - 0x00007ff888f2b000 	C:\Windows\WinSxS\amd64_microsoft.windows.common-controls_6595b64144ccf1df_6.0.19041.6456_none_60b8a6cb71f64256\COMCTL32.dll
0x00007ff89c530000 - 0x00007ff89c552000 	C:\Windows\System32\win32u.dll
0x00007ff89deb0000 - 0x00007ff89dedb000 	C:\Windows\System32\GDI32.dll
0x00007ff89c560000 - 0x00007ff89c679000 	C:\Windows\System32\gdi32full.dll
0x00007ff89c090000 - 0x00007ff89c12d000 	C:\Windows\System32\msvcp_win.dll
0x00007ff894e70000 - 0x00007ff894e7a000 	C:\Windows\SYSTEM32\VERSION.dll
0x00007ff89e060000 - 0x00007ff89e08f000 	C:\Windows\System32\IMM32.DLL
0x00007ff896f80000 - 0x00007ff896f8c000 	C:\Program Files\Java\jdk-17\bin\vcruntime140_1.dll
0x00007ff87aea0000 - 0x00007ff87af2e000 	C:\Program Files\Java\jdk-17\bin\msvcp140.dll
0x00007ff84f5e0000 - 0x00007ff8501c0000 	C:\Program Files\Java\jdk-17\bin\server\jvm.dll
0x00007ff89dd10000 - 0x00007ff89dd18000 	C:\Windows\System32\PSAPI.DLL
0x00007ff892f70000 - 0x00007ff892f97000 	C:\Windows\SYSTEM32\WINMM.dll
0x00007ff891640000 - 0x00007ff891649000 	C:\Windows\SYSTEM32\WSOCK32.dll
0x00007ff89dc90000 - 0x00007ff89dcfb000 	C:\Windows\System32\WS2_32.dll
0x00007ff899bb0000 - 0x00007ff899bc2000 	C:\Windows\SYSTEM32\kernel.appcore.dll
0x00007ff8963b0000 - 0x00007ff8963ba000 	C:\Program Files\Java\jdk-17\bin\jimage.dll
0x00007ff8896d0000 - 0x00007ff8898d1000 	C:\Windows\SYSTEM32\DBGHELP.DLL
0x00007ff888890000 - 0x00007ff8888c4000 	C:\Windows\SYSTEM32\dbgcore.DLL
0x00007ff89c000000 - 0x00007ff89c082000 	C:\Windows\System32\bcryptPrimitives.dll
0x00007ff884360000 - 0x00007ff884385000 	C:\Program Files\Java\jdk-17\bin\java.dll
0x00007ff872940000 - 0x00007ff872a17000 	C:\Program Files\Java\jdk-17\bin\jsvml.dll
0x00007ff89ccd0000 - 0x00007ff89d440000 	C:\Windows\System32\SHELL32.dll
0x00007ff899db0000 - 0x00007ff89a555000 	C:\Windows\SYSTEM32\windows.storage.dll
0x00007ff89e2f0000 - 0x00007ff89e644000 	C:\Windows\System32\combase.dll
0x00007ff89b670000 - 0x00007ff89b69b000 	C:\Windows\SYSTEM32\Wldp.dll
0x00007ff89da70000 - 0x00007ff89db3d000 	C:\Windows\System32\OLEAUT32.dll
0x00007ff89d650000 - 0x00007ff89d6fd000 	C:\Windows\System32\SHCORE.dll
0x00007ff89da10000 - 0x00007ff89da6b000 	C:\Windows\System32\shlwapi.dll
0x00007ff89bc50000 - 0x00007ff89bc74000 	C:\Windows\SYSTEM32\profapi.dll
0x00007ff886d60000 - 0x00007ff886d79000 	C:\Program Files\Java\jdk-17\bin\net.dll
0x00007ff894320000 - 0x00007ff89442a000 	C:\Windows\SYSTEM32\WINHTTP.dll
0x00007ff89b3d0000 - 0x00007ff89b43a000 	C:\Windows\system32\mswsock.dll
0x00007ff883dd0000 - 0x00007ff883de6000 	C:\Program Files\Java\jdk-17\bin\nio.dll
0x00007ff8828a0000 - 0x00007ff8828b8000 	C:\Program Files\Java\jdk-17\bin\zip.dll
0x00007ff897c60000 - 0x00007ff897c6a000 	C:\Program Files\Java\jdk-17\bin\management.dll
0x00007ff897c50000 - 0x00007ff897c5b000 	C:\Program Files\Java\jdk-17\bin\management_ext.dll

dbghelp: loaded successfully - version: 4.0.5 - missing functions: none
symbol engine: initialized successfully - sym options: 0x614 - pdb path: .;C:\Program Files\Java\jdk-17\bin;C:\Windows\SYSTEM32;C:\Windows\WinSxS\amd64_microsoft.windows.common-controls_6595b64144ccf1df_6.0.19041.6456_none_60b8a6cb71f64256;C:\Program Files\Java\jdk-17\bin\server

VM Arguments:
java_command: C:\Users\Davic\AppData\Local\Temp\surefire9681924092168160714\surefirebooter-20260628122137147_3.jar C:\Users\Davic\AppData\Local\Temp\surefire9681924092168160714 2026-06-28T12-21-36_390-jvmRun1 surefire-20260628122137147_1tmp surefire_0-20260628122137147_2tmp
java_class_path (initial): C:\Users\Davic\AppData\Local\Temp\surefire9681924092168160714\surefirebooter-20260628122137147_3.jar
Launcher Type: SUN_STANDARD

[Global flags]
     intx CICompilerCount                          = 3                                         {product} {ergonomic}
     uint ConcGCThreads                            = 1                                         {product} {ergonomic}
     uint G1ConcRefinementThreads                  = 4                                         {product} {ergonomic}
   size_t G1HeapRegionSize                         = 1048576                                   {product} {ergonomic}
    uintx GCDrainStackTargetSize                   = 64                                        {product} {ergonomic}
   size_t InitialHeapSize                          = 98566144                                  {product} {ergonomic}
   size_t MarkStackSize                            = 4194304                                   {product} {ergonomic}
   size_t MaxHeapSize                              = 1577058304                                {product} {ergonomic}
   size_t MaxNewSize                               = 945815552                                 {product} {ergonomic}
   size_t MinHeapDeltaBytes                        = 1048576                                   {product} {ergonomic}
   size_t MinHeapSize                              = 8388608                                   {product} {ergonomic}
    uintx NonNMethodCodeHeapSize                   = 5832780                                {pd product} {ergonomic}
    uintx NonProfiledCodeHeapSize                  = 122912730                              {pd product} {ergonomic}
    uintx ProfiledCodeHeapSize                     = 122912730                              {pd product} {ergonomic}
    uintx ReservedCodeCacheSize                    = 251658240                              {pd product} {ergonomic}
     bool SegmentedCodeCache                       = true                                      {product} {ergonomic}
   size_t SoftMaxHeapSize                          = 1577058304                             {manageable} {ergonomic}
     bool UseCompressedClassPointers               = true                           {product lp64_product} {ergonomic}
     bool UseCompressedOops                        = true                           {product lp64_product} {ergonomic}
     bool UseG1GC                                  = true                                      {product} {ergonomic}
     bool UseLargePagesIndividualAllocation        = false                                  {pd product} {ergonomic}

Logging:
Log output configuration:
 #0: stdout all=warning uptime,level,tags
 #1: stderr all=off uptime,level,tags

Environment Variables:
PATH=C:\Program Files\Common Files\Oracle\Java\javapath;C:\Windows\system32;C:\Windows;C:\Windows\System32\Wbem;C:\Windows\System32\WindowsPowerShell\v1.0\;C:\Windows\System32\OpenSSH\;C:\Program Files\Microsoft SQL Server\170\Tools\Binn\;C:\Program Files\dotnet\;C:\Program Files\Git\cmd;C:\Program Files\MySQL\MySQL Server 8.0\bin;C:\ProgramData\chocolatey\bin;C:\ProgramData\chocolatey\bin;;C:\tools\php85;C:\Users\Davic\AppData\Local\Microsoft\WindowsApps;C:\Users\Davic\AppData\Local\Programs\Microsoft VS Code\bin;C:\Users\Davic\.dotnet\tools;C:\Users\Davic\Documents\Apache\apache-maven-3.9.16-bin\apache-maven-3.9.16\bin;
USERNAME=Ceci
OS=Windows_NT
PROCESSOR_IDENTIFIER=Intel64 Family 6 Model 60 Stepping 3, GenuineIntel



---------------  S Y S T E M  ---------------

OS:
 Windows 10 , 64 bit Build 19041 (10.0.19041.5915)
OS uptime: 0 days 16:17 hours

CPU: total 4 (initial active 4) (2 cores per cpu, 2 threads per core) family 6 model 60 stepping 3 microcode 0x27, cx8, cmov, fxsr, ht, mmx, sse, sse2, sse3, ssse3, sse4.1, sse4.2, popcnt, lzcnt, tsc, tscinvbit, avx, avx2, aes, erms, clmul, bmi1, bmi2, fma, vzeroupper, clflush

Memory: 4k page, system-wide physical 6013M (379M free)
TotalPageFile size 8013M (AvailPageFile size 6M)
current process WorkingSet (physical memory assigned to process): 90M, peak: 90M
current process commit charge ("private bytes"): 199M, peak: 199M

vm_info: Java HotSpot(TM) 64-Bit Server VM (17.0.12+8-LTS-286) for windows-amd64 JRE (17.0.12+8-LTS-286), built on Jun  5 2024 06:46:59 by "mach5one" with MS VC++ 17.6 (VS2022)

END.
